IdxValuations: 0=1.0, 1=1.3, 2=1.5, 3=1.6, 4=1.9, 
ValDist: 0=0.4, 1=0.2, 2=0.2, 3=0.1, 4=0.1, 
initPrice: 0=9.7117176E-5, 1=9.968589E-5, 2=1.0E-4, 3=1.0E-4, 4=1.0E-4, 5=1.0E-4, 6=1.1804459E-4, 7=1.172268E-4, 8=1.0E-4, 9=1.0E-4, 10=1.1440966E-4, 11=1.370613E-4, 12=1.483566E-4, 13=1.2406829E-4, 14=9.8915E-5, 15=1.0E-4, 16=1.0E-4, 17=1.8254007E-4, 18=3.1382567E-4, 19=3.1382567E-4, 20=3.1382567E-4, 21=3.1382567E-4, 22=2.9661445E-4, 23=1.3537277E-4, 
Phase-1: 0,0,0,0,0,0,0,0,0,0,0,0,0,0,0,0,0,201783,309861,2262958,2262958,304096,265214,0
Phase-1: 0,0,0,0,0,0,0,0,0,0,0,0,0,0,0,0,0,201783,309861,0,680,304096,265214,0
Phase-2: 0,0,0,0,0,0,0,0,0,0,0,0,0,0,0,0,0,201783,309861,0,680,304096,265214,0
Phase-2: 0,0,0,0,0,0,0,0,0,0,0,0,0,0,0,0,0,201783,203524,0,427,304096,265214,0
Phase-3: 0,0,0,0,0,0,0,0,0,0,0,0,0,0,0,0,0,201783,203524,0,427,304096,265214,0
Phase-3: 0,0,0,0,0,0,0,0,0,0,0,0,0,0,0,0,0,201783,53023,0,0,295113,265214,0
Phase-4: 0,0,0,0,0,0,0,0,0,0,0,0,0,0,0,0,0,201783,53023,0,0,295113,265214,0
Phase-4: 0,0,0,0,0,0,0,0,0,0,0,0,0,0,0,0,0,201783,0,0,0,38202,265214,0
Phase-5: 0,0,0,0,0,0,0,0,0,0,0,0,0,0,0,0,0,201783,0,0,0,38202,265214,0
Phase-5: 0,0,0,0,0,0,0,0,0,0,0,0,0,0,0,0,0,201783,0,0,0,328,265214,0
Phase-6: 0,0,0,0,0,0,0,0,0,0,0,0,0,0,0,0,0,201783,0,0,0,328,265214,0
Phase-6: 0,0,0,0,0,0,0,0,0,0,0,0,0,0,0,0,0,144765,0,0,0,0,265214,0
Phase-7: 0,0,0,0,0,0,0,0,0,0,0,0,0,0,0,0,0,144765,0,0,0,0,265214,0
Phase-7: 0,0,0,0,0,0,0,0,0,0,0,0,0,0,0,0,0,0,0,0,0,0,265214,0
Phase-8: 0,0,0,0,0,0,0,0,0,0,0,0,0,0,0,0,0,0,0,0,0,0,265214,0
Phase-8: 0,0,0,0,0,0,0,0,0,0,0,0,0,0,0,0,0,0,0,0,0,0,0,0
UtilitySummary: shiftU=[0.07309617,0.0,0.0,0.0,0.0], priceUPerKWh=[0.19689834,0.19923626,0.19873315,0.1988172,0.19873656]
Company expenses: 7675.000, income: 7675.015, initialCost: 7843.000
Total wh from company: 38571068.000, from consumer: 38571064.000, initial: 38571068.000
saving by group=[0.026175275,0.015587454,0.01401103,0.014340462,0.01752488]
