IdxValuations: 0=1.0, 1=1.1, 2=1.2, 3=1.3, 4=1.4, 5=1.5, 6=1.6, 7=1.7, 8=1.8, 9=1.9, 
ValDist: 0=0.1, 1=0.1, 2=0.1, 3=0.1, 4=0.1, 5=0.1, 6=0.1, 7=0.1, 8=0.1, 9=0.1, 
initPrice: 0=9.71334E-5, 1=9.96535E-5, 2=1.0E-4, 3=1.0E-4, 4=1.0E-4, 5=1.0E-4, 6=1.17945005E-4, 7=1.1706613E-4, 8=1.0E-4, 9=1.0E-4, 10=1.1382868E-4, 11=1.3831083E-4, 12=1.4822154E-4, 13=1.2478522E-4, 14=9.9012155E-5, 15=1.0E-4, 16=9.842074E-5, 17=2.7044507E-4, 18=2.7044507E-4, 19=2.7044507E-4, 20=2.7044507E-4, 21=2.7044507E-4, 22=2.7044507E-4, 23=1.9176964E-4, 
Phase-1: 0,0,0,0,0,0,0,0,0,0,0,0,0,0,0,0,16046,1152264,1898925,1898925,1898925,1898925,167263,625082
Phase-1: 0,0,0,0,0,0,0,0,0,0,0,0,0,0,0,0,16046,1152264,215,159,222,0,167263,625082
Phase-2: 0,0,0,0,0,0,0,0,0,0,0,0,0,0,0,0,16046,1152264,215,159,222,0,167263,625082
Phase-2: 0,0,0,0,0,0,0,0,0,0,0,0,0,0,0,0,16046,1032473,0,159,0,0,52027,625082
Phase-3: 0,0,0,0,0,0,0,0,0,0,0,0,0,0,0,0,16046,1032473,0,159,0,0,52027,625082
Phase-3: 0,0,0,0,0,0,0,0,0,0,0,0,0,0,0,0,16046,602131,0,0,0,0,36,625082
Phase-4: 0,0,0,0,0,0,0,0,0,0,0,0,0,0,0,0,16046,602131,0,0,0,0,36,625082
Phase-4: 0,0,0,0,0,0,0,0,0,0,0,0,0,0,0,0,16046,365,0,0,0,0,0,250352
Phase-5: 0,0,0,0,0,0,0,0,0,0,0,0,0,0,0,0,16046,365,0,0,0,0,0,250352
Phase-5: 0,0,0,0,0,0,0,0,0,0,0,0,0,0,0,0,16046,0,0,0,0,0,0,167041
Phase-6: 0,0,0,0,0,0,0,0,0,0,0,0,0,0,0,0,16046,0,0,0,0,0,0,167041
Phase-6: 0,0,0,0,0,0,0,0,0,0,0,0,0,0,0,0,0,0,0,0,0,0,0,167041
Phase-7: 0,0,0,0,0,0,0,0,0,0,0,0,0,0,0,0,0,0,0,0,0,0,0,167041
Phase-7: 0,0,0,0,0,0,0,0,0,0,0,0,0,0,0,0,0,0,0,0,0,0,0,0
UtilitySummary: shiftU=[0.16070887,0.15092,0.119796075,0.081812374,0.0044341055,0.0,0.0,0.0,0.0,0.0], priceUPerKWh=[0.17947134,0.18368392,0.18847813,0.19088542,0.20025705,0.2000685,0.19999497,0.2005892,0.20000102,0.20043637]
Company expenses: 7226.000, income: 7536.986, initialCost: 7924.000
Total wh from company: 38543864.000, from consumer: 38543888.000, initial: 38543864.000
saving by group=[0.113140635,0.10377533,0.07712484,0.06347696,0.02417304,0.021668624,0.021655813,0.023684368,0.019822525,0.019751517]
