IdxValuations: 0=1.0, 1=1.3, 2=1.5, 3=1.6, 4=1.9, 
ValDist: 0=0.4, 1=0.2, 2=0.2, 3=0.1, 4=0.1, 
initPrice: 0=9.71334E-5, 1=9.96535E-5, 2=1.0E-4, 3=1.0E-4, 4=1.0E-4, 5=1.0E-4, 6=1.17945005E-4, 7=1.1706613E-4, 8=1.0E-4, 9=1.0E-4, 10=1.1382868E-4, 11=1.3831083E-4, 12=1.4822154E-4, 13=1.2478522E-4, 14=9.9012155E-5, 15=1.0E-4, 16=1.0E-4, 17=1.7551586E-4, 18=3.2869945E-4, 19=3.2869945E-4, 20=3.2869945E-4, 21=3.2869945E-4, 22=2.8639898E-4, 23=1.3417729E-4, 
Phase-1: 0,0,0,0,0,0,0,0,0,0,0,0,0,0,0,0,0,99326,320956,2313057,2313057,407983,204801,0
Phase-1: 0,0,0,0,0,0,0,0,0,0,0,0,0,0,0,0,0,99326,320956,14,534,407983,204801,0
Phase-2: 0,0,0,0,0,0,0,0,0,0,0,0,0,0,0,0,0,99326,320956,14,534,407983,204801,0
Phase-2: 0,0,0,0,0,0,0,0,0,0,0,0,0,0,0,0,0,99326,154579,14,0,407983,204801,0
Phase-3: 0,0,0,0,0,0,0,0,0,0,0,0,0,0,0,0,0,99326,154579,14,0,407983,204801,0
Phase-3: 0,0,0,0,0,0,0,0,0,0,0,0,0,0,0,0,0,99326,511,0,0,202648,204801,0
Phase-4: 0,0,0,0,0,0,0,0,0,0,0,0,0,0,0,0,0,99326,511,0,0,202648,204801,0
Phase-4: 0,0,0,0,0,0,0,0,0,0,0,0,0,0,0,0,0,99326,21,0,0,178426,204801,0
Phase-5: 0,0,0,0,0,0,0,0,0,0,0,0,0,0,0,0,0,99326,21,0,0,178426,204801,0
Phase-5: 0,0,0,0,0,0,0,0,0,0,0,0,0,0,0,0,0,99326,0,0,0,42,204801,0
Phase-6: 0,0,0,0,0,0,0,0,0,0,0,0,0,0,0,0,0,99326,0,0,0,42,204801,0
Phase-6: 0,0,0,0,0,0,0,0,0,0,0,0,0,0,0,0,0,0,0,0,0,0,204801,0
Phase-7: 0,0,0,0,0,0,0,0,0,0,0,0,0,0,0,0,0,0,0,0,0,0,204801,0
Phase-7: 0,0,0,0,0,0,0,0,0,0,0,0,0,0,0,0,0,0,0,0,0,0,0,0
UtilitySummary: shiftU=[0.071811266,0.0,0.0,0.0,0.0], priceUPerKWh=[0.20130838,0.20321229,0.20332165,0.20306364,0.20297661]
Company expenses: 7839.000, income: 7838.975, initialCost: 7924.000
Total wh from company: 38543864.000, from consumer: 38543888.000, initial: 38543864.000
saving by group=[0.013856065,0.0071657654,0.0068631335,0.0039048868,0.006649175]
