IdxValuations: 0=1.0, 1=1.1, 2=1.2, 3=1.3, 4=1.4, 5=1.5, 6=1.6, 7=1.7, 8=1.8, 9=1.9, 
ValDist: 0=0.1, 1=0.1, 2=0.1, 3=0.1, 4=0.1, 5=0.1, 6=0.1, 7=0.1, 8=0.1, 9=0.1, 
initPrice: 0=9.71334E-5, 1=9.96535E-5, 2=1.0E-4, 3=1.0E-4, 4=1.0E-4, 5=1.0E-4, 6=1.17945005E-4, 7=1.1706613E-4, 8=1.0E-4, 9=1.0E-4, 10=1.1382868E-4, 11=1.3831083E-4, 12=1.4822154E-4, 13=1.2478522E-4, 14=9.9012155E-5, 15=1.0E-4, 16=1.0E-4, 17=1.7551586E-4, 18=3.2869945E-4, 19=3.2869945E-4, 20=3.2869945E-4, 21=3.2869945E-4, 22=2.8639898E-4, 23=1.3417729E-4, 
Phase-1: 0,0,0,0,0,0,0,0,0,0,0,0,0,0,0,0,0,99326,320956,2313057,2313057,407983,204801,0
Phase-1: 0,0,0,0,0,0,0,0,0,0,0,0,0,0,0,0,0,99326,320956,234,62,407983,204801,0
Phase-2: 0,0,0,0,0,0,0,0,0,0,0,0,0,0,0,0,0,99326,320956,234,62,407983,204801,0
Phase-2: 0,0,0,0,0,0,0,0,0,0,0,0,0,0,0,0,0,99326,134226,234,0,262848,204801,0
Phase-3: 0,0,0,0,0,0,0,0,0,0,0,0,0,0,0,0,0,99326,134226,234,0,262848,204801,0
Phase-3: 0,0,0,0,0,0,0,0,0,0,0,0,0,0,0,0,0,99326,90988,0,0,203120,204801,0
Phase-4: 0,0,0,0,0,0,0,0,0,0,0,0,0,0,0,0,0,99326,90988,0,0,203120,204801,0
Phase-4: 0,0,0,0,0,0,0,0,0,0,0,0,0,0,0,0,0,99326,251,0,0,203120,204801,0
Phase-5: 0,0,0,0,0,0,0,0,0,0,0,0,0,0,0,0,0,99326,251,0,0,203120,204801,0
Phase-5: 0,0,0,0,0,0,0,0,0,0,0,0,0,0,0,0,0,99326,0,0,0,57309,204801,0
Phase-6: 0,0,0,0,0,0,0,0,0,0,0,0,0,0,0,0,0,99326,0,0,0,57309,204801,0
Phase-6: 0,0,0,0,0,0,0,0,0,0,0,0,0,0,0,0,0,99326,0,0,0,0,204801,0
Phase-7: 0,0,0,0,0,0,0,0,0,0,0,0,0,0,0,0,0,99326,0,0,0,0,204801,0
Phase-7: 0,0,0,0,0,0,0,0,0,0,0,0,0,0,0,0,0,141,0,0,0,0,204801,0
Phase-8: 0,0,0,0,0,0,0,0,0,0,0,0,0,0,0,0,0,141,0,0,0,0,204801,0
Phase-8: 0,0,0,0,0,0,0,0,0,0,0,0,0,0,0,0,0,0,0,0,0,0,147429,0
Phase-9: 0,0,0,0,0,0,0,0,0,0,0,0,0,0,0,0,0,0,0,0,0,0,147429,0
Phase-9: 0,0,0,0,0,0,0,0,0,0,0,0,0,0,0,0,0,0,0,0,0,0,0,0
UtilitySummary: shiftU=[0.12921998,0.08442595,0.062476017,0.0,0.0,0.0,0.0,0.0,0.0,0.0], priceUPerKWh=[0.20073669,0.19938819,0.20646006,0.2081728,0.20872712,0.20828593,0.20830213,0.20924108,0.20819695,0.20831187]
Company expenses: 7839.000, income: 8000.680, initialCost: 7924.000
Total wh from company: 38543864.000, from consumer: 38543888.000, initial: 38543864.000
saving by group=[0.0103437975,0.028606903,-0.009309486,-0.019049224,-0.016759872,-0.018347155,-0.018670287,-0.01825195,-0.02005042,-0.018285818]
