IdxValuations: 0=1.0, 1=1.1, 2=1.2, 3=1.3, 4=1.4, 5=1.5, 6=1.6, 7=1.7, 8=1.8, 9=1.9, 
ValDist: 0=0.1, 1=0.1, 2=0.1, 3=0.1, 4=0.1, 5=0.1, 6=0.1, 7=0.1, 8=0.1, 9=0.1, 
initPrice: 0=9.71334E-5, 1=9.9654695E-5, 2=1.0E-4, 3=1.0E-4, 4=1.0E-4, 5=1.0E-4, 6=1.1781676E-4, 7=1.1739615E-4, 8=1.0E-4, 9=1.0E-4, 10=1.1467059E-4, 11=1.9707657E-4, 12=1.9365049E-4, 13=1.9365049E-4, 14=1.9365049E-4, 15=1.9365049E-4, 16=1.9365049E-4, 17=1.9365049E-4, 18=1.9365049E-4, 19=1.9365049E-4, 20=1.9365049E-4, 21=1.9365049E-4, 22=1.9365049E-4, 23=1.9365049E-4, 
Phase-1: 0,0,0,0,0,0,0,0,0,0,0,605049,537860,717070,1055288,1065577,1065577,290207,1065577,1065577,1065577,1065577,1065577,618922
Phase-1: 0,0,0,0,0,0,0,0,0,0,0,605049,537860,717070,1055288,1065577,1065577,290207,0,0,53,0,0,618922
Phase-2: 0,0,0,0,0,0,0,0,0,0,0,605049,537860,717070,1055288,1065577,1065577,290207,0,0,53,0,0,618922
Phase-2: 0,0,0,0,0,0,0,0,0,0,0,605049,537860,717070,1055288,1065577,1065577,0,0,0,0,0,0,0
Phase-3: 0,0,0,0,0,0,0,0,0,0,0,605049,537860,717070,1055288,1065577,1065577,0,0,0,0,0,0,0
Phase-3: 0,0,0,0,0,0,0,0,0,0,0,605049,537860,717070,1055288,1065577,0,0,0,0,0,0,0,0
Phase-4: 0,0,0,0,0,0,0,0,0,0,0,605049,537860,717070,1055288,1065577,0,0,0,0,0,0,0,0
Phase-4: 0,0,0,0,0,0,0,0,0,0,0,605049,537860,717070,1055288,520,0,0,0,0,0,0,0,0
Phase-5: 0,0,0,0,0,0,0,0,0,0,0,605049,537860,717070,1055288,520,0,0,0,0,0,0,0,0
Phase-5: 0,0,0,0,0,0,0,0,0,0,0,605049,537860,717070,389654,0,0,0,0,0,0,0,0,0
Phase-6: 0,0,0,0,0,0,0,0,0,0,0,605049,537860,717070,389654,0,0,0,0,0,0,0,0,0
Phase-6: 0,0,0,0,0,0,0,0,0,0,0,605049,537860,717070,0,0,0,0,0,0,0,0,0,0
Phase-7: 0,0,0,0,0,0,0,0,0,0,0,605049,537860,717070,0,0,0,0,0,0,0,0,0,0
Phase-7: 0,0,0,0,0,0,0,0,0,0,0,605049,537860,256,0,0,0,0,0,0,0,0,0,0
Phase-8: 0,0,0,0,0,0,0,0,0,0,0,605049,537860,256,0,0,0,0,0,0,0,0,0,0
Phase-8: 0,0,0,0,0,0,0,0,0,0,0,605049,143801,256,0,0,0,0,0,0,0,0,0,0
Phase-9: 0,0,0,0,0,0,0,0,0,0,0,605049,143801,256,0,0,0,0,0,0,0,0,0,0
Phase-9: 0,0,0,0,0,0,0,0,0,0,0,605049,143801,0,0,0,0,0,0,0,0,0,0,0
Phase-10: 0,0,0,0,0,0,0,0,0,0,0,605049,143801,0,0,0,0,0,0,0,0,0,0,0
Phase-10: 0,0,0,0,0,0,0,0,0,0,0,605049,148,0,0,0,0,0,0,0,0,0,0,0
Phase-11: 0,0,0,0,0,0,0,0,0,0,0,605049,148,0,0,0,0,0,0,0,0,0,0,0
Phase-11: 0,0,0,0,0,0,0,0,0,0,0,430956,148,0,0,0,0,0,0,0,0,0,0,0
Phase-12: 0,0,0,0,0,0,0,0,0,0,0,430956,148,0,0,0,0,0,0,0,0,0,0,0
Phase-12: 0,0,0,0,0,0,0,0,0,0,0,430956,148,0,0,0,0,0,0,0,0,0,0,0
Phase-13: 0,0,0,0,0,0,0,0,0,0,0,430956,148,0,0,0,0,0,0,0,0,0,0,0
Phase-13: 0,0,0,0,0,0,0,0,0,0,0,430956,0,0,0,0,0,0,0,0,0,0,0,0
Phase-14: 0,0,0,0,0,0,0,0,0,0,0,430956,0,0,0,0,0,0,0,0,0,0,0,0
Phase-14: 0,0,0,0,0,0,0,0,0,0,0,0,0,0,0,0,0,0,0,0,0,0,0,0
UtilitySummary: shiftU=[0.28868192,0.28664663,0.28625178,0.27390093,0.2085543,0.12832312,0.049968116,0.0,0.0,0.0], priceUPerKWh=[0.16714482,0.17037643,0.1759463,0.18059145,0.1840533,0.18653846,0.19127308,0.1921775,0.19218025,0.19268963]
Company expenses: 6432.000, income: 7084.966, initialCost: 7871.000
Total wh from company: 38554192.000, from consumer: 38554212.000, initial: 38554192.000
saving by group=[0.1753333,0.15707642,0.1299013,0.11350814,0.090636946,0.07418421,0.057860754,0.049297392,0.051237002,0.052189652]
