IdxValuations: 0=1.0, 1=1.1, 2=1.2, 3=1.3, 4=1.4, 5=1.5, 6=1.6, 7=1.7, 8=1.8, 9=1.9, 
ValDist: 0=0.1, 1=0.1, 2=0.1, 3=0.1, 4=0.1, 5=0.1, 6=0.1, 7=0.1, 8=0.1, 9=0.1, 
initPrice: 0=9.7117176E-5, 1=9.968589E-5, 2=1.0E-4, 3=1.0E-4, 4=1.0E-4, 5=1.0E-4, 6=1.1804459E-4, 7=1.172268E-4, 8=1.0E-4, 9=1.0E-4, 10=1.1440966E-4, 11=1.370613E-4, 12=1.483566E-4, 13=1.2406829E-4, 14=9.8915E-5, 15=1.0E-4, 16=1.04640865E-4, 17=2.745975E-4, 18=2.745975E-4, 19=2.745975E-4, 20=2.745975E-4, 21=2.745975E-4, 22=2.745975E-4, 23=2.1755625E-4, 
Phase-1: 0,0,0,0,0,0,0,0,0,0,0,0,0,0,0,0,156336,1079223,1855088,1855088,1855088,1855088,86060,776858
Phase-1: 0,0,0,0,0,0,0,0,0,0,0,0,0,0,0,0,156336,1079223,0,474,68,0,86060,776858
Phase-2: 0,0,0,0,0,0,0,0,0,0,0,0,0,0,0,0,156336,1079223,0,474,68,0,86060,776858
Phase-2: 0,0,0,0,0,0,0,0,0,0,0,0,0,0,0,0,156336,1046446,0,474,0,0,0,776858
Phase-3: 0,0,0,0,0,0,0,0,0,0,0,0,0,0,0,0,156336,1046446,0,474,0,0,0,776858
Phase-3: 0,0,0,0,0,0,0,0,0,0,0,0,0,0,0,0,156336,1031635,0,474,0,0,0,570835
Phase-4: 0,0,0,0,0,0,0,0,0,0,0,0,0,0,0,0,156336,1031635,0,474,0,0,0,570835
Phase-4: 0,0,0,0,0,0,0,0,0,0,0,0,0,0,0,0,156336,1031635,0,474,0,0,0,570835
Phase-5: 0,0,0,0,0,0,0,0,0,0,0,0,0,0,0,0,156336,1031635,0,474,0,0,0,570835
Phase-5: 0,0,0,0,0,0,0,0,0,0,0,0,0,0,0,0,156336,1031635,0,0,0,0,0,570835
Phase-6: 0,0,0,0,0,0,0,0,0,0,0,0,0,0,0,0,156336,1031635,0,0,0,0,0,570835
Phase-6: 0,0,0,0,0,0,0,0,0,0,0,0,0,0,0,0,156336,0,0,0,0,0,0,85992
Phase-7: 0,0,0,0,0,0,0,0,0,0,0,0,0,0,0,0,156336,0,0,0,0,0,0,85992
Phase-7: 0,0,0,0,0,0,0,0,0,0,0,0,0,0,0,0,113,0,0,0,0,0,0,85992
Phase-8: 0,0,0,0,0,0,0,0,0,0,0,0,0,0,0,0,113,0,0,0,0,0,0,85992
Phase-8: 0,0,0,0,0,0,0,0,0,0,0,0,0,0,0,0,0,0,0,0,0,0,0,41131
Phase-9: 0,0,0,0,0,0,0,0,0,0,0,0,0,0,0,0,0,0,0,0,0,0,0,41131
Phase-9: 0,0,0,0,0,0,0,0,0,0,0,0,0,0,0,0,0,0,0,0,0,0,0,0
UtilitySummary: shiftU=[0.19435194,0.1474283,0.12878083,0.06959239,0.0,0.0,0.0,0.0,0.0,0.0], priceUPerKWh=[0.17713308,0.18753831,0.19023341,0.19474712,0.20147732,0.20125447,0.20082568,0.20071237,0.20068617,0.20105335]
Company expenses: 7331.000, income: 7585.690, initialCost: 7843.000
Total wh from company: 38571068.000, from consumer: 38571064.000, initial: 38571068.000
saving by group=[0.121299654,0.071434334,0.06186008,0.033905435,0.006525396,0.00507397,0.004515352,0.004657664,0.0058796764,0.006687649]
