IdxValuations: 0=1.0, 1=1.1, 2=1.2, 3=1.3, 4=1.4, 5=1.5, 6=1.6, 7=1.7, 8=1.8, 9=1.9, 
ValDist: 0=0.1, 1=0.1, 2=0.1, 3=0.1, 4=0.1, 5=0.1, 6=0.1, 7=0.1, 8=0.1, 9=0.1, 
initPrice: 0=9.715284E-5, 1=9.965698E-5, 2=1.0E-4, 3=1.0E-4, 4=1.0E-4, 5=1.0E-4, 6=1.18008415E-4, 7=1.1712097E-4, 8=1.0E-4, 9=1.0E-4, 10=1.14030685E-4, 11=1.371863E-4, 12=1.4829969E-4, 13=1.2432029E-4, 14=9.8942895E-5, 15=1.0E-4, 16=1.0E-4, 17=1.8451495E-4, 18=3.1287887E-4, 19=3.1287887E-4, 20=3.1287887E-4, 21=3.1287887E-4, 22=2.9768352E-4, 23=1.3462084E-4, 
Phase-1: 0,0,0,0,0,0,0,0,0,0,0,0,0,0,0,0,0,188493,277012,2272832,2272832,352704,364227,0
Phase-1: 0,0,0,0,0,0,0,0,0,0,0,0,0,0,0,0,0,188493,277012,422,601,352704,364227,0
Phase-2: 0,0,0,0,0,0,0,0,0,0,0,0,0,0,0,0,0,188493,277012,422,601,352704,364227,0
Phase-2: 0,0,0,0,0,0,0,0,0,0,0,0,0,0,0,0,0,188493,276672,422,160,351216,364227,0
Phase-3: 0,0,0,0,0,0,0,0,0,0,0,0,0,0,0,0,0,188493,276672,422,160,351216,364227,0
Phase-3: 0,0,0,0,0,0,0,0,0,0,0,0,0,0,0,0,0,188493,262913,0,0,180852,364227,0
Phase-4: 0,0,0,0,0,0,0,0,0,0,0,0,0,0,0,0,0,188493,262913,0,0,180852,364227,0
Phase-4: 0,0,0,0,0,0,0,0,0,0,0,0,0,0,0,0,0,188493,383,0,0,197,364227,0
Phase-5: 0,0,0,0,0,0,0,0,0,0,0,0,0,0,0,0,0,188493,383,0,0,197,364227,0
Phase-5: 0,0,0,0,0,0,0,0,0,0,0,0,0,0,0,0,0,88557,0,0,0,0,360783,0
Phase-6: 0,0,0,0,0,0,0,0,0,0,0,0,0,0,0,0,0,88557,0,0,0,0,360783,0
Phase-6: 0,0,0,0,0,0,0,0,0,0,0,0,0,0,0,0,0,0,0,0,0,0,351906,0
Phase-7: 0,0,0,0,0,0,0,0,0,0,0,0,0,0,0,0,0,0,0,0,0,0,351906,0
Phase-7: 0,0,0,0,0,0,0,0,0,0,0,0,0,0,0,0,0,0,0,0,0,0,0,0
UtilitySummary: shiftU=[0.1473222,0.10734368,0.049872454,0.0,0.0,0.0,0.0,0.0,0.0,0.0], priceUPerKWh=[0.19593686,0.19670627,0.20485368,0.205991,0.2052749,0.20607156,0.20495154,0.20679069,0.20537862,0.20571522]
Company expenses: 7675.000, income: 7898.194, initialCost: 7861.000
Total wh from company: 38588400.000, from consumer: 38588536.000, initial: 38588400.000
saving by group=[0.030753452,0.032264993,-0.008958464,-0.014647918,-0.016851269,-0.016070783,-0.015938016,-0.015241078,-0.016741248,-0.016410539]
