IdxValuations: 0=1.0, 1=1.3, 2=1.5, 3=1.6, 4=1.9, 
ValDist: 0=0.4, 1=0.2, 2=0.2, 3=0.1, 4=0.1, 
initPrice: 0=9.717994E-5, 1=9.965311E-5, 2=1.0E-4, 3=1.0E-4, 4=1.0E-4, 5=1.0E-4, 6=1.1881737E-4, 7=1.1656011E-4, 8=1.0E-4, 9=1.0E-4, 10=1.250061E-4, 11=1.9483901E-4, 12=1.9483901E-4, 13=1.9483901E-4, 14=1.9483901E-4, 15=1.9483901E-4, 16=1.9483901E-4, 17=1.9483901E-4, 18=1.9483901E-4, 19=1.9483901E-4, 20=1.9483901E-4, 21=1.9483901E-4, 22=1.9483901E-4, 23=1.9483901E-4, 
Phase-1: 0,0,0,0,0,0,0,0,0,0,91077,616337,545875,704158,1042649,1052977,1052977,258870,1052977,1052977,1052977,1052977,1052977,594876
Phase-1: 0,0,0,0,0,0,0,0,0,0,91077,616337,545875,704158,1042649,1052977,1052977,258870,128,0,0,0,0,594876
Phase-2: 0,0,0,0,0,0,0,0,0,0,91077,616337,545875,704158,1042649,1052977,1052977,258870,128,0,0,0,0,594876
Phase-2: 0,0,0,0,0,0,0,0,0,0,91077,616337,545875,704158,1042649,1052977,1052977,0,0,0,0,0,0,0
Phase-3: 0,0,0,0,0,0,0,0,0,0,91077,616337,545875,704158,1042649,1052977,1052977,0,0,0,0,0,0,0
Phase-3: 0,0,0,0,0,0,0,0,0,0,91077,616337,545875,704158,1042649,1052977,527,0,0,0,0,0,0,0
Phase-4: 0,0,0,0,0,0,0,0,0,0,91077,616337,545875,704158,1042649,1052977,527,0,0,0,0,0,0,0
Phase-4: 0,0,0,0,0,0,0,0,0,0,91077,616337,545875,704158,1042649,139018,0,0,0,0,0,0,0,0
Phase-5: 0,0,0,0,0,0,0,0,0,0,91077,616337,545875,704158,1042649,139018,0,0,0,0,0,0,0,0
Phase-5: 0,0,0,0,0,0,0,0,0,0,91077,616337,545875,704158,1042649,0,0,0,0,0,0,0,0,0
Phase-6: 0,0,0,0,0,0,0,0,0,0,91077,616337,545875,704158,1042649,0,0,0,0,0,0,0,0,0
Phase-6: 0,0,0,0,0,0,0,0,0,0,91077,616337,545875,704158,405,0,0,0,0,0,0,0,0,0
Phase-7: 0,0,0,0,0,0,0,0,0,0,91077,616337,545875,704158,405,0,0,0,0,0,0,0,0,0
Phase-7: 0,0,0,0,0,0,0,0,0,0,91077,616337,545875,432404,405,0,0,0,0,0,0,0,0,0
Phase-8: 0,0,0,0,0,0,0,0,0,0,91077,616337,545875,432404,405,0,0,0,0,0,0,0,0,0
Phase-8: 0,0,0,0,0,0,0,0,0,0,91077,616337,545875,432404,405,0,0,0,0,0,0,0,0,0
Phase-9: 0,0,0,0,0,0,0,0,0,0,91077,616337,545875,432404,405,0,0,0,0,0,0,0,0,0
Phase-9: 0,0,0,0,0,0,0,0,0,0,91077,616337,545875,432404,0,0,0,0,0,0,0,0,0,0
Phase-10: 0,0,0,0,0,0,0,0,0,0,91077,616337,545875,432404,0,0,0,0,0,0,0,0,0,0
Phase-10: 0,0,0,0,0,0,0,0,0,0,91077,616337,545875,0,0,0,0,0,0,0,0,0,0,0
Phase-11: 0,0,0,0,0,0,0,0,0,0,91077,616337,545875,0,0,0,0,0,0,0,0,0,0,0
Phase-11: 0,0,0,0,0,0,0,0,0,0,91077,616337,482,0,0,0,0,0,0,0,0,0,0,0
Phase-12: 0,0,0,0,0,0,0,0,0,0,91077,616337,482,0,0,0,0,0,0,0,0,0,0,0
Phase-12: 0,0,0,0,0,0,0,0,0,0,91077,616337,0,0,0,0,0,0,0,0,0,0,0,0
Phase-13: 0,0,0,0,0,0,0,0,0,0,91077,616337,0,0,0,0,0,0,0,0,0,0,0,0
Phase-13: 0,0,0,0,0,0,0,0,0,0,91077,506,0,0,0,0,0,0,0,0,0,0,0,0
Phase-14: 0,0,0,0,0,0,0,0,0,0,91077,506,0,0,0,0,0,0,0,0,0,0,0,0
Phase-14: 0,0,0,0,0,0,0,0,0,0,91077,0,0,0,0,0,0,0,0,0,0,0,0,0
Phase-15: 0,0,0,0,0,0,0,0,0,0,91077,0,0,0,0,0,0,0,0,0,0,0,0,0
Phase-15: 0,0,0,0,0,0,0,0,0,0,0,0,0,0,0,0,0,0,0,0,0,0,0,0
UtilitySummary: shiftU=[0.28599223,0.16386245,0.023457596,0.0,0.0], priceUPerKWh=[0.16721444,0.17294772,0.18339579,0.18487538,0.18461204]
Company expenses: 6457.000, income: 6759.365, initialCost: 7930.000
Total wh from company: 38520492.000, from consumer: 38520468.000, initial: 38520492.000
saving by group=[0.1809172,0.15159076,0.102319285,0.09602815,0.09475124]
