IdxValuations: 0=1.0, 1=1.1, 2=1.2, 3=1.3, 4=1.4, 5=1.5, 6=1.6, 7=1.7, 8=1.8, 9=1.9, 
ValDist: 0=0.1, 1=0.1, 2=0.1, 3=0.1, 4=0.1, 5=0.1, 6=0.1, 7=0.1, 8=0.1, 9=0.1, 
initPrice: 0=9.718409E-5, 1=9.965291E-5, 2=1.0E-4, 3=1.0E-4, 4=1.0E-4, 5=1.0E-4, 6=1.1717825E-4, 7=1.1779315E-4, 8=1.0E-4, 9=1.0E-4, 10=1.1342146E-4, 11=1.3773223E-4, 12=1.4883009E-4, 13=1.2481057E-4, 14=9.892919E-5, 15=1.0E-4, 16=1.0E-4, 17=1.7098356E-4, 18=3.1167932E-4, 19=3.1167932E-4, 20=3.1167932E-4, 21=3.1167932E-4, 22=2.818254E-4, 23=1.3461853E-4, 
Phase-1: 0,0,0,0,0,0,0,0,0,0,0,0,0,0,0,0,0,138411,344969,2285428,2285428,337978,303669,0
Phase-1: 0,0,0,0,0,0,0,0,0,0,0,0,0,0,0,0,0,138411,344969,98,0,337978,303669,0
Phase-2: 0,0,0,0,0,0,0,0,0,0,0,0,0,0,0,0,0,138411,344969,98,0,337978,303669,0
Phase-2: 0,0,0,0,0,0,0,0,0,0,0,0,0,0,0,0,0,138411,0,0,0,34309,303669,0
Phase-3: 0,0,0,0,0,0,0,0,0,0,0,0,0,0,0,0,0,138411,0,0,0,34309,303669,0
Phase-3: 0,0,0,0,0,0,0,0,0,0,0,0,0,0,0,0,0,138411,0,0,0,182,303669,0
Phase-4: 0,0,0,0,0,0,0,0,0,0,0,0,0,0,0,0,0,138411,0,0,0,182,303669,0
Phase-4: 0,0,0,0,0,0,0,0,0,0,0,0,0,0,0,0,0,13197,0,0,0,0,303669,0
Phase-5: 0,0,0,0,0,0,0,0,0,0,0,0,0,0,0,0,0,13197,0,0,0,0,303669,0
Phase-5: 0,0,0,0,0,0,0,0,0,0,0,0,0,0,0,0,0,110,0,0,0,0,303669,0
Phase-6: 0,0,0,0,0,0,0,0,0,0,0,0,0,0,0,0,0,110,0,0,0,0,303669,0
Phase-6: 0,0,0,0,0,0,0,0,0,0,0,0,0,0,0,0,0,0,0,0,0,0,215621,0
Phase-7: 0,0,0,0,0,0,0,0,0,0,0,0,0,0,0,0,0,0,0,0,0,0,215621,0
Phase-7: 0,0,0,0,0,0,0,0,0,0,0,0,0,0,0,0,0,0,0,0,0,0,0,0
UtilitySummary: shiftU=[0.144977,0.09276379,0.054416787,0.0,0.0,0.0,0.0,0.0,0.0,0.0], priceUPerKWh=[0.19123372,0.19715896,0.19977656,0.2037605,0.20405658,0.20295806,0.20258427,0.20413925,0.2042171,0.20370267]
Company expenses: 7579.000, income: 7795.282, initialCost: 7871.000
Total wh from company: 38529872.000, from consumer: 38529848.000, initial: 38529872.000
saving by group=[0.055962704,0.02848765,0.015861932,-0.0016318408,-0.0013643046,-0.002317786,-0.003370076,-0.0029611073,-0.0015544558,-0.0022931919]
