IdxValuations: 0=1.0, 1=1.3, 2=1.5, 3=1.6, 4=1.9, 
ValDist: 0=0.4, 1=0.2, 2=0.2, 3=0.1, 4=0.1, 
initPrice: 0=9.718409E-5, 1=9.965291E-5, 2=1.0E-4, 3=1.0E-4, 4=1.0E-4, 5=1.0E-4, 6=1.1717825E-4, 7=1.1779315E-4, 8=1.0E-4, 9=1.0E-4, 10=1.2500702E-4, 11=1.9479953E-4, 12=1.9479953E-4, 13=1.9479953E-4, 14=1.9479953E-4, 15=1.9479953E-4, 16=1.9479953E-4, 17=1.9479953E-4, 18=1.9479953E-4, 19=1.9479953E-4, 20=1.9479953E-4, 21=1.9479953E-4, 22=1.9479953E-4, 23=1.9479953E-4, 
Phase-1: 0,0,0,0,0,0,0,0,0,0,82323,630342,541602,699341,1042569,1053393,1053393,296885,1053393,1053393,1053393,1053393,1053393,597427
Phase-1: 0,0,0,0,0,0,0,0,0,0,82323,630342,541602,699341,1042569,1053393,1053393,296885,19,0,0,0,7,597427
Phase-2: 0,0,0,0,0,0,0,0,0,0,82323,630342,541602,699341,1042569,1053393,1053393,296885,19,0,0,0,7,597427
Phase-2: 0,0,0,0,0,0,0,0,0,0,82323,630342,541602,699341,1042569,1053393,1053393,87,0,0,0,0,0,0
Phase-3: 0,0,0,0,0,0,0,0,0,0,82323,630342,541602,699341,1042569,1053393,1053393,87,0,0,0,0,0,0
Phase-3: 0,0,0,0,0,0,0,0,0,0,82323,630342,541602,699341,1042569,1053393,420,11,0,0,0,0,0,0
Phase-4: 0,0,0,0,0,0,0,0,0,0,82323,630342,541602,699341,1042569,1053393,420,11,0,0,0,0,0,0
Phase-4: 0,0,0,0,0,0,0,0,0,0,82323,630342,541602,699341,1042569,0,0,0,0,0,0,0,0,0
Phase-5: 0,0,0,0,0,0,0,0,0,0,82323,630342,541602,699341,1042569,0,0,0,0,0,0,0,0,0
Phase-5: 0,0,0,0,0,0,0,0,0,0,82323,630342,541602,699341,0,0,0,0,0,0,0,0,0,0
Phase-6: 0,0,0,0,0,0,0,0,0,0,82323,630342,541602,699341,0,0,0,0,0,0,0,0,0,0
Phase-6: 0,0,0,0,0,0,0,0,0,0,82323,630342,541602,416,0,0,0,0,0,0,0,0,0,0
Phase-7: 0,0,0,0,0,0,0,0,0,0,82323,630342,541602,416,0,0,0,0,0,0,0,0,0,0
Phase-7: 0,0,0,0,0,0,0,0,0,0,82323,630342,457604,0,0,0,0,0,0,0,0,0,0,0
Phase-8: 0,0,0,0,0,0,0,0,0,0,82323,630342,457604,0,0,0,0,0,0,0,0,0,0,0
Phase-8: 0,0,0,0,0,0,0,0,0,0,82323,630342,0,0,0,0,0,0,0,0,0,0,0,0
Phase-9: 0,0,0,0,0,0,0,0,0,0,82323,630342,0,0,0,0,0,0,0,0,0,0,0,0
Phase-9: 0,0,0,0,0,0,0,0,0,0,82323,0,0,0,0,0,0,0,0,0,0,0,0,0
Phase-10: 0,0,0,0,0,0,0,0,0,0,82323,0,0,0,0,0,0,0,0,0,0,0,0,0
Phase-10: 0,0,0,0,0,0,0,0,0,0,0,0,0,0,0,0,0,0,0,0,0,0,0,0
UtilitySummary: shiftU=[0.28477556,0.16969307,0.022572223,0.0,0.0], priceUPerKWh=[0.16712292,0.17275225,0.18358426,0.18538478,0.18467417]
Company expenses: 6457.000, income: 6761.662, initialCost: 7871.000
Total wh from company: 38529872.000, from consumer: 38529848.000, initial: 38529872.000
saving by group=[0.17398381,0.14645106,0.09294625,0.089117356,0.08978971]
