IdxValuations: 0=1.0, 1=1.1, 2=1.2, 3=1.3, 4=1.4, 5=1.5, 6=1.6, 7=1.7, 8=1.8, 9=1.9, 
ValDist: 0=0.1, 1=0.1, 2=0.1, 3=0.1, 4=0.1, 5=0.1, 6=0.1, 7=0.1, 8=0.1, 9=0.1, 
initPrice: 0=9.719448E-5, 1=9.968857E-5, 2=1.0E-4, 3=1.0E-4, 4=1.0E-4, 5=1.0E-4, 6=1.1812283E-4, 7=1.1666957E-4, 8=1.0E-4, 9=1.0E-4, 10=1.1405254E-4, 11=1.368118E-4, 12=1.4951397E-4, 13=1.2514235E-4, 14=9.898863E-5, 15=1.5482873E-4, 16=2.3228803E-4, 17=2.3228803E-4, 18=2.3228803E-4, 19=2.3228803E-4, 20=2.3228803E-4, 21=2.3228803E-4, 22=2.3228803E-4, 23=2.3228803E-4, 
Phase-1: 0,0,0,0,0,0,0,0,0,0,0,0,0,0,0,653440,1479680,698216,1479680,1479680,1479680,1479680,1479680,1006391
Phase-1: 0,0,0,0,0,0,0,0,0,0,0,0,0,0,0,653440,1479680,698216,0,472,379,249,511,1006391
Phase-2: 0,0,0,0,0,0,0,0,0,0,0,0,0,0,0,653440,1479680,698216,0,472,379,249,511,1006391
Phase-2: 0,0,0,0,0,0,0,0,0,0,0,0,0,0,0,653440,1479680,607023,0,0,0,0,0,1006391
Phase-3: 0,0,0,0,0,0,0,0,0,0,0,0,0,0,0,653440,1479680,607023,0,0,0,0,0,1006391
Phase-3: 0,0,0,0,0,0,0,0,0,0,0,0,0,0,0,653440,1479680,0,0,0,0,0,0,378
Phase-4: 0,0,0,0,0,0,0,0,0,0,0,0,0,0,0,653440,1479680,0,0,0,0,0,0,378
Phase-4: 0,0,0,0,0,0,0,0,0,0,0,0,0,0,0,653440,0,0,0,0,0,0,0,378
Phase-5: 0,0,0,0,0,0,0,0,0,0,0,0,0,0,0,653440,0,0,0,0,0,0,0,378
Phase-5: 0,0,0,0,0,0,0,0,0,0,0,0,0,0,0,490989,0,0,0,0,0,0,0,378
Phase-6: 0,0,0,0,0,0,0,0,0,0,0,0,0,0,0,490989,0,0,0,0,0,0,0,378
Phase-6: 0,0,0,0,0,0,0,0,0,0,0,0,0,0,0,490989,0,0,0,0,0,0,0,0
Phase-7: 0,0,0,0,0,0,0,0,0,0,0,0,0,0,0,490989,0,0,0,0,0,0,0,0
Phase-7: 0,0,0,0,0,0,0,0,0,0,0,0,0,0,0,0,0,0,0,0,0,0,0,0
UtilitySummary: shiftU=[0.2859362,0.24919625,0.18390764,0.14749578,0.090455964,0.023263313,0.0,0.0,0.0,0.0], priceUPerKWh=[0.16451637,0.17922726,0.1823111,0.18780293,0.19301715,0.19691119,0.19735062,0.1976305,0.19752495,0.19750397]
Company expenses: 6786.000, income: 7332.888, initialCost: 7871.000
Total wh from company: 38536952.000, from consumer: 38536884.000, initial: 38536952.000
saving by group=[0.18578093,0.11684463,0.10101914,0.07600052,0.046605315,0.032071028,0.027357133,0.027487276,0.02409057,0.027458575]
