IdxValuations: 0=1.0, 1=1.1, 2=1.2, 3=1.3, 4=1.4, 5=1.5, 6=1.6, 7=1.7, 8=1.8, 9=1.9, 
ValDist: 0=0.1, 1=0.1, 2=0.1, 3=0.1, 4=0.1, 5=0.1, 6=0.1, 7=0.1, 8=0.1, 9=0.1, 
initPrice: 0=9.716964E-5, 1=9.9675155E-5, 2=1.0E-4, 3=1.0E-4, 4=1.0E-4, 5=1.0E-4, 6=1.1701894E-4, 7=1.1811091E-4, 8=1.0E-4, 9=1.0E-4, 10=1.1452458E-4, 11=1.5621186E-4, 12=1.9070841E-4, 13=1.9070841E-4, 14=1.9070841E-4, 15=1.9070841E-4, 16=1.9070841E-4, 17=1.9070841E-4, 18=1.9070841E-4, 19=1.9070841E-4, 20=1.9070841E-4, 21=1.9070841E-4, 22=1.9070841E-4, 23=1.9070841E-4, 
Phase-1: 0,0,0,0,0,0,0,0,0,0,0,219890,594071,723871,1087292,1097443,1097443,330377,1097443,1097443,1097443,1097443,1097443,638396
Phase-1: 0,0,0,0,0,0,0,0,0,0,0,219890,594071,723871,1087292,1097443,1097443,330377,36,0,297,0,0,638396
Phase-2: 0,0,0,0,0,0,0,0,0,0,0,219890,594071,723871,1087292,1097443,1097443,330377,36,0,297,0,0,638396
Phase-2: 0,0,0,0,0,0,0,0,0,0,0,219890,594071,723871,1087292,1097443,1097443,142,0,0,0,0,0,571
Phase-3: 0,0,0,0,0,0,0,0,0,0,0,219890,594071,723871,1087292,1097443,1097443,142,0,0,0,0,0,571
Phase-3: 0,0,0,0,0,0,0,0,0,0,0,219890,594071,723871,1087292,1097443,0,0,0,0,0,0,0,0
Phase-4: 0,0,0,0,0,0,0,0,0,0,0,219890,594071,723871,1087292,1097443,0,0,0,0,0,0,0,0
Phase-4: 0,0,0,0,0,0,0,0,0,0,0,219890,594071,723871,1087292,0,0,0,0,0,0,0,0,0
Phase-5: 0,0,0,0,0,0,0,0,0,0,0,219890,594071,723871,1087292,0,0,0,0,0,0,0,0,0
Phase-5: 0,0,0,0,0,0,0,0,0,0,0,219890,594071,723871,0,0,0,0,0,0,0,0,0,0
Phase-6: 0,0,0,0,0,0,0,0,0,0,0,219890,594071,723871,0,0,0,0,0,0,0,0,0,0
Phase-6: 0,0,0,0,0,0,0,0,0,0,0,219890,594071,0,0,0,0,0,0,0,0,0,0,0
Phase-7: 0,0,0,0,0,0,0,0,0,0,0,219890,594071,0,0,0,0,0,0,0,0,0,0,0
Phase-7: 0,0,0,0,0,0,0,0,0,0,0,219890,1151,0,0,0,0,0,0,0,0,0,0,0
Phase-8: 0,0,0,0,0,0,0,0,0,0,0,219890,1151,0,0,0,0,0,0,0,0,0,0,0
Phase-8: 0,0,0,0,0,0,0,0,0,0,0,219890,1151,0,0,0,0,0,0,0,0,0,0,0
Phase-9: 0,0,0,0,0,0,0,0,0,0,0,219890,1151,0,0,0,0,0,0,0,0,0,0,0
Phase-9: 0,0,0,0,0,0,0,0,0,0,0,219890,0,0,0,0,0,0,0,0,0,0,0,0
Phase-10: 0,0,0,0,0,0,0,0,0,0,0,219890,0,0,0,0,0,0,0,0,0,0,0,0
Phase-10: 0,0,0,0,0,0,0,0,0,0,0,0,0,0,0,0,0,0,0,0,0,0,0,0
UtilitySummary: shiftU=[0.2872881,0.28897926,0.2881812,0.26709986,0.16738336,0.12897776,0.05011704,0.0,0.0,0.0], priceUPerKWh=[0.16099177,0.16655427,0.16861576,0.17342326,0.18012793,0.1813512,0.18526274,0.18882814,0.18856326,0.18869317]
Company expenses: 6288.000, income: 6890.348, initialCost: 7867.000
Total wh from company: 38547640.000, from consumer: 38547624.000, initial: 38547640.000
saving by group=[0.20729093,0.17683168,0.16681555,0.14271155,0.10745778,0.10251102,0.08181829,0.071654946,0.07007145,0.07091948]
