IdxValuations: 0=1.0, 1=1.3, 2=1.5, 3=1.6, 4=1.9, 
ValDist: 0=0.4, 1=0.2, 2=0.2, 3=0.1, 4=0.1, 
initPrice: 0=9.72027E-5, 1=9.968887E-5, 2=1.0E-4, 3=1.0E-4, 4=1.0E-4, 5=1.0E-4, 6=1.17446805E-4, 7=1.1804207E-4, 8=1.0E-4, 9=1.0E-4, 10=1.1502727E-4, 11=1.3699387E-4, 12=1.4796352E-4, 13=1.2534006E-4, 14=9.898187E-5, 15=1.0E-4, 16=1.0E-4, 17=2.7149174E-4, 18=2.7149174E-4, 19=2.7149174E-4, 20=2.7149174E-4, 21=2.7149174E-4, 22=2.7149174E-4, 23=2.0341075E-4, 
Phase-1: 0,0,0,0,0,0,0,0,0,0,0,0,0,0,0,0,0,1131530,1887749,1887749,1887749,1887749,261236,702327
Phase-1: 0,0,0,0,0,0,0,0,0,0,0,0,0,0,0,0,0,1131530,0,787,0,0,261236,702327
Phase-2: 0,0,0,0,0,0,0,0,0,0,0,0,0,0,0,0,0,1131530,0,787,0,0,261236,702327
Phase-2: 0,0,0,0,0,0,0,0,0,0,0,0,0,0,0,0,0,1131278,0,787,0,0,156881,702327
Phase-3: 0,0,0,0,0,0,0,0,0,0,0,0,0,0,0,0,0,1131278,0,787,0,0,156881,702327
Phase-3: 0,0,0,0,0,0,0,0,0,0,0,0,0,0,0,0,0,1131278,0,787,0,0,156881,702327
Phase-4: 0,0,0,0,0,0,0,0,0,0,0,0,0,0,0,0,0,1131278,0,787,0,0,156881,702327
Phase-4: 0,0,0,0,0,0,0,0,0,0,0,0,0,0,0,0,0,1131278,0,0,0,0,156881,702327
Phase-5: 0,0,0,0,0,0,0,0,0,0,0,0,0,0,0,0,0,1131278,0,0,0,0,156881,702327
Phase-5: 0,0,0,0,0,0,0,0,0,0,0,0,0,0,0,0,0,608,0,0,0,0,655,702327
Phase-6: 0,0,0,0,0,0,0,0,0,0,0,0,0,0,0,0,0,608,0,0,0,0,655,702327
Phase-6: 0,0,0,0,0,0,0,0,0,0,0,0,0,0,0,0,0,0,0,0,0,0,0,667850
Phase-7: 0,0,0,0,0,0,0,0,0,0,0,0,0,0,0,0,0,0,0,0,0,0,0,667850
Phase-7: 0,0,0,0,0,0,0,0,0,0,0,0,0,0,0,0,0,0,0,0,0,0,0,0
UtilitySummary: shiftU=[0.13861635,2.5050857E-4,0.0,0.0,0.0], priceUPerKWh=[0.18562347,0.19561166,0.19518597,0.1953344,0.1957598]
Company expenses: 7267.000, income: 7420.753, initialCost: 7930.000
Total wh from company: 38534272.000, from consumer: 38534256.000, initial: 38534272.000
saving by group=[0.090679854,0.04422789,0.044506177,0.043661326,0.042569812]
