IdxValuations: 0=1.0, 1=1.3, 2=1.5, 3=1.6, 4=1.9, 
ValDist: 0=0.4, 1=0.2, 2=0.2, 3=0.1, 4=0.1, 
initPrice: 0=9.7117176E-5, 1=9.968589E-5, 2=1.0E-4, 3=1.0E-4, 4=1.0E-4, 5=1.0E-4, 6=1.1804459E-4, 7=1.172268E-4, 8=1.0E-4, 9=1.0E-4, 10=1.1440966E-4, 11=1.370613E-4, 12=1.483566E-4, 13=1.2406829E-4, 14=9.8915E-5, 15=1.0E-4, 16=1.04640865E-4, 17=2.745975E-4, 18=2.745975E-4, 19=2.745975E-4, 20=2.745975E-4, 21=2.745975E-4, 22=2.745975E-4, 23=2.1755625E-4, 
Phase-1: 0,0,0,0,0,0,0,0,0,0,0,0,0,0,0,0,156336,1079223,1855088,1855088,1855088,1855088,86060,776858
Phase-1: 0,0,0,0,0,0,0,0,0,0,0,0,0,0,0,0,156336,1079223,0,206,55,0,86060,776858
Phase-2: 0,0,0,0,0,0,0,0,0,0,0,0,0,0,0,0,156336,1079223,0,206,55,0,86060,776858
Phase-2: 0,0,0,0,0,0,0,0,0,0,0,0,0,0,0,0,156336,725311,0,206,0,0,0,776858
Phase-3: 0,0,0,0,0,0,0,0,0,0,0,0,0,0,0,0,156336,725311,0,206,0,0,0,776858
Phase-3: 0,0,0,0,0,0,0,0,0,0,0,0,0,0,0,0,156336,665429,0,206,0,0,0,359723
Phase-4: 0,0,0,0,0,0,0,0,0,0,0,0,0,0,0,0,156336,665429,0,206,0,0,0,359723
Phase-4: 0,0,0,0,0,0,0,0,0,0,0,0,0,0,0,0,156336,665429,0,206,0,0,0,359723
Phase-5: 0,0,0,0,0,0,0,0,0,0,0,0,0,0,0,0,156336,665429,0,206,0,0,0,359723
Phase-5: 0,0,0,0,0,0,0,0,0,0,0,0,0,0,0,0,156336,665429,0,0,0,0,0,359723
Phase-6: 0,0,0,0,0,0,0,0,0,0,0,0,0,0,0,0,156336,665429,0,0,0,0,0,359723
Phase-6: 0,0,0,0,0,0,0,0,0,0,0,0,0,0,0,0,156336,0,0,0,0,0,0,86005
Phase-7: 0,0,0,0,0,0,0,0,0,0,0,0,0,0,0,0,156336,0,0,0,0,0,0,86005
Phase-7: 0,0,0,0,0,0,0,0,0,0,0,0,0,0,0,0,181,0,0,0,0,0,0,86005
Phase-8: 0,0,0,0,0,0,0,0,0,0,0,0,0,0,0,0,181,0,0,0,0,0,0,86005
Phase-8: 0,0,0,0,0,0,0,0,0,0,0,0,0,0,0,0,0,0,0,0,0,0,0,68978
Phase-9: 0,0,0,0,0,0,0,0,0,0,0,0,0,0,0,0,0,0,0,0,0,0,0,68978
Phase-9: 0,0,0,0,0,0,0,0,0,0,0,0,0,0,0,0,0,0,0,0,0,0,0,0
UtilitySummary: shiftU=[0.136035,0.0,0.0,0.0,0.0], priceUPerKWh=[0.18615805,0.19125076,0.19097301,0.19083557,0.19073015]
Company expenses: 7331.000, income: 7331.005, initialCost: 7843.000
Total wh from company: 38571068.000, from consumer: 38571064.000, initial: 38571068.000
saving by group=[0.07824879,0.053690773,0.05119313,0.052702334,0.05571797]
