IdxValuations: 0=1.0, 1=1.3, 2=1.5, 3=1.6, 4=1.9, 
ValDist: 0=0.4, 1=0.2, 2=0.2, 3=0.1, 4=0.1, 
initPrice: 0=9.716964E-5, 1=9.9675155E-5, 2=1.0E-4, 3=1.0E-4, 4=1.0E-4, 5=1.0E-4, 6=1.1701894E-4, 7=1.1811091E-4, 8=1.0E-4, 9=1.0E-4, 10=1.1452458E-4, 11=1.5621186E-4, 12=1.9070841E-4, 13=1.9070841E-4, 14=1.9070841E-4, 15=1.9070841E-4, 16=1.9070841E-4, 17=1.9070841E-4, 18=1.9070841E-4, 19=1.9070841E-4, 20=1.9070841E-4, 21=1.9070841E-4, 22=1.9070841E-4, 23=1.9070841E-4, 
Phase-1: 0,0,0,0,0,0,0,0,0,0,0,219890,594071,723871,1087292,1097443,1097443,330377,1097443,1097443,1097443,1097443,1097443,638396
Phase-1: 0,0,0,0,0,0,0,0,0,0,0,219890,594071,723871,1087292,1097443,1097443,330377,3,0,741,0,0,638396
Phase-2: 0,0,0,0,0,0,0,0,0,0,0,219890,594071,723871,1087292,1097443,1097443,330377,3,0,741,0,0,638396
Phase-2: 0,0,0,0,0,0,0,0,0,0,0,219890,594071,723871,1087292,1097443,1097443,593,0,0,70,0,0,0
Phase-3: 0,0,0,0,0,0,0,0,0,0,0,219890,594071,723871,1087292,1097443,1097443,593,0,0,70,0,0,0
Phase-3: 0,0,0,0,0,0,0,0,0,0,0,219890,594071,723871,1087292,1097443,665069,0,0,0,0,0,0,0
Phase-4: 0,0,0,0,0,0,0,0,0,0,0,219890,594071,723871,1087292,1097443,665069,0,0,0,0,0,0,0
Phase-4: 0,0,0,0,0,0,0,0,0,0,0,219890,594071,723871,1087292,1097443,0,0,0,0,0,0,0,0
Phase-5: 0,0,0,0,0,0,0,0,0,0,0,219890,594071,723871,1087292,1097443,0,0,0,0,0,0,0,0
Phase-5: 0,0,0,0,0,0,0,0,0,0,0,219890,594071,723871,1087292,0,0,0,0,0,0,0,0,0
Phase-6: 0,0,0,0,0,0,0,0,0,0,0,219890,594071,723871,1087292,0,0,0,0,0,0,0,0,0
Phase-6: 0,0,0,0,0,0,0,0,0,0,0,219890,594071,723871,550,0,0,0,0,0,0,0,0,0
Phase-7: 0,0,0,0,0,0,0,0,0,0,0,219890,594071,723871,550,0,0,0,0,0,0,0,0,0
Phase-7: 0,0,0,0,0,0,0,0,0,0,0,219890,594071,571136,550,0,0,0,0,0,0,0,0,0
Phase-8: 0,0,0,0,0,0,0,0,0,0,0,219890,594071,571136,550,0,0,0,0,0,0,0,0,0
Phase-8: 0,0,0,0,0,0,0,0,0,0,0,219890,594071,571136,0,0,0,0,0,0,0,0,0,0
Phase-9: 0,0,0,0,0,0,0,0,0,0,0,219890,594071,571136,0,0,0,0,0,0,0,0,0,0
Phase-9: 0,0,0,0,0,0,0,0,0,0,0,219890,594071,0,0,0,0,0,0,0,0,0,0,0
Phase-10: 0,0,0,0,0,0,0,0,0,0,0,219890,594071,0,0,0,0,0,0,0,0,0,0,0
Phase-10: 0,0,0,0,0,0,0,0,0,0,0,219890,0,0,0,0,0,0,0,0,0,0,0,0
Phase-11: 0,0,0,0,0,0,0,0,0,0,0,219890,0,0,0,0,0,0,0,0,0,0,0,0
Phase-11: 0,0,0,0,0,0,0,0,0,0,0,0,0,0,0,0,0,0,0,0,0,0,0,0
UtilitySummary: shiftU=[0.28346777,0.14852719,0.024421858,0.0,0.0], priceUPerKWh=[0.16255586,0.17191269,0.17899187,0.18042752,0.18020986]
Company expenses: 6288.000, income: 6619.156, initialCost: 7867.000
Total wh from company: 38547640.000, from consumer: 38547624.000, initial: 38547640.000
saving by group=[0.19704002,0.14862475,0.11635382,0.110038586,0.11256279]
