IdxValuations: 0=1.0, 1=1.3, 2=1.5, 3=1.6, 4=1.9, 
ValDist: 0=0.4, 1=0.2, 2=0.2, 3=0.1, 4=0.1, 
initPrice: 0=9.715284E-5, 1=9.965698E-5, 2=1.0E-4, 3=1.0E-4, 4=1.0E-4, 5=1.0E-4, 6=1.18008415E-4, 7=1.1712097E-4, 8=1.0E-4, 9=1.0E-4, 10=1.14030685E-4, 11=1.371863E-4, 12=1.4829969E-4, 13=1.2432029E-4, 14=9.8942895E-5, 15=1.7141923E-4, 16=2.3465916E-4, 17=2.3465916E-4, 18=2.3465916E-4, 19=2.3465916E-4, 20=2.3465916E-4, 21=2.3465916E-4, 22=2.3465916E-4, 23=2.3465916E-4, 
Phase-1: 0,0,0,0,0,0,0,0,0,0,0,0,0,0,0,890103,1454624,686636,1454624,1454624,1454624,1454624,1454624,998683
Phase-1: 0,0,0,0,0,0,0,0,0,0,0,0,0,0,0,890103,1454624,686636,738,387,324,397,0,998683
Phase-2: 0,0,0,0,0,0,0,0,0,0,0,0,0,0,0,890103,1454624,686636,738,387,324,397,0,998683
Phase-2: 0,0,0,0,0,0,0,0,0,0,0,0,0,0,0,890103,1454624,686636,44,387,0,0,0,794189
Phase-3: 0,0,0,0,0,0,0,0,0,0,0,0,0,0,0,890103,1454624,686636,44,387,0,0,0,794189
Phase-3: 0,0,0,0,0,0,0,0,0,0,0,0,0,0,0,890103,1454624,495210,0,0,0,0,0,779
Phase-4: 0,0,0,0,0,0,0,0,0,0,0,0,0,0,0,890103,1454624,495210,0,0,0,0,0,779
Phase-4: 0,0,0,0,0,0,0,0,0,0,0,0,0,0,0,890103,1454624,0,0,0,0,0,0,18
Phase-5: 0,0,0,0,0,0,0,0,0,0,0,0,0,0,0,890103,1454624,0,0,0,0,0,0,18
Phase-5: 0,0,0,0,0,0,0,0,0,0,0,0,0,0,0,890103,67,0,0,0,0,0,0,0
Phase-6: 0,0,0,0,0,0,0,0,0,0,0,0,0,0,0,890103,67,0,0,0,0,0,0,0
Phase-6: 0,0,0,0,0,0,0,0,0,0,0,0,0,0,0,317326,0,0,0,0,0,0,0,0
Phase-7: 0,0,0,0,0,0,0,0,0,0,0,0,0,0,0,317326,0,0,0,0,0,0,0,0
Phase-7: 0,0,0,0,0,0,0,0,0,0,0,0,0,0,0,0,0,0,0,0,0,0,0,0
UtilitySummary: shiftU=[0.22806925,0.059396025,0.0,0.0,0.0], priceUPerKWh=[0.17461106,0.18426557,0.18864763,0.18856049,0.18865527]
Company expenses: 6854.000, income: 7058.951, initialCost: 7861.000
Total wh from company: 38588400.000, from consumer: 38588536.000, initial: 38588400.000
saving by group=[0.13716832,0.087733515,0.06847625,0.06541765,0.06686264]
