IdxValuations: 0=1.0, 1=1.3, 2=1.5, 3=1.6, 4=1.9, 
ValDist: 0=0.4, 1=0.2, 2=0.2, 3=0.1, 4=0.1, 
initPrice: 0=9.719448E-5, 1=9.968857E-5, 2=1.0E-4, 3=1.0E-4, 4=1.0E-4, 5=1.0E-4, 6=1.1812283E-4, 7=1.1666957E-4, 8=1.0E-4, 9=1.0E-4, 10=1.1405254E-4, 11=1.8120125E-4, 12=1.9357336E-4, 13=1.9357336E-4, 14=1.9357336E-4, 15=1.9357336E-4, 16=1.9357336E-4, 17=1.9357336E-4, 18=1.9357336E-4, 19=1.9357336E-4, 20=1.9357336E-4, 21=1.9357336E-4, 22=1.9357336E-4, 23=1.9357336E-4, 
Phase-1: 0,0,0,0,0,0,0,0,0,0,0,559635,561524,715938,1056183,1066400,1066400,284936,1066400,1066400,1066400,1066400,1066400,593111
Phase-1: 0,0,0,0,0,0,0,0,0,0,0,559635,561524,715938,1056183,1066400,1066400,284936,0,62,609,2,5,593111
Phase-2: 0,0,0,0,0,0,0,0,0,0,0,559635,561524,715938,1056183,1066400,1066400,284936,0,62,609,2,5,593111
Phase-2: 0,0,0,0,0,0,0,0,0,0,0,559635,561524,715938,1056183,1066400,1066400,0,0,0,0,0,0,359
Phase-3: 0,0,0,0,0,0,0,0,0,0,0,559635,561524,715938,1056183,1066400,1066400,0,0,0,0,0,0,359
Phase-3: 0,0,0,0,0,0,0,0,0,0,0,559635,561524,715938,1056183,1066400,0,0,0,0,0,0,0,0
Phase-4: 0,0,0,0,0,0,0,0,0,0,0,559635,561524,715938,1056183,1066400,0,0,0,0,0,0,0,0
Phase-4: 0,0,0,0,0,0,0,0,0,0,0,559635,561524,715938,1056183,591,0,0,0,0,0,0,0,0
Phase-5: 0,0,0,0,0,0,0,0,0,0,0,559635,561524,715938,1056183,591,0,0,0,0,0,0,0,0
Phase-5: 0,0,0,0,0,0,0,0,0,0,0,559635,561524,715938,637763,591,0,0,0,0,0,0,0,0
Phase-6: 0,0,0,0,0,0,0,0,0,0,0,559635,561524,715938,637763,591,0,0,0,0,0,0,0,0
Phase-6: 0,0,0,0,0,0,0,0,0,0,0,559635,561524,715938,637763,0,0,0,0,0,0,0,0,0
Phase-7: 0,0,0,0,0,0,0,0,0,0,0,559635,561524,715938,637763,0,0,0,0,0,0,0,0,0
Phase-7: 0,0,0,0,0,0,0,0,0,0,0,559635,561524,715938,0,0,0,0,0,0,0,0,0,0
Phase-8: 0,0,0,0,0,0,0,0,0,0,0,559635,561524,715938,0,0,0,0,0,0,0,0,0,0
Phase-8: 0,0,0,0,0,0,0,0,0,0,0,559635,561524,0,0,0,0,0,0,0,0,0,0,0
Phase-9: 0,0,0,0,0,0,0,0,0,0,0,559635,561524,0,0,0,0,0,0,0,0,0,0,0
Phase-9: 0,0,0,0,0,0,0,0,0,0,0,559635,507,0,0,0,0,0,0,0,0,0,0,0
Phase-10: 0,0,0,0,0,0,0,0,0,0,0,559635,507,0,0,0,0,0,0,0,0,0,0,0
Phase-10: 0,0,0,0,0,0,0,0,0,0,0,515933,0,0,0,0,0,0,0,0,0,0,0,0
Phase-11: 0,0,0,0,0,0,0,0,0,0,0,515933,0,0,0,0,0,0,0,0,0,0,0,0
Phase-11: 0,0,0,0,0,0,0,0,0,0,0,0,0,0,0,0,0,0,0,0,0,0,0,0
UtilitySummary: shiftU=[0.2847334,0.16719797,0.02538835,0.0,0.0], priceUPerKWh=[0.16534588,0.17010625,0.180636,0.18283734,0.18295255]
Company expenses: 6393.000, income: 6682.043, initialCost: 7871.000
Total wh from company: 38536952.000, from consumer: 38536884.000, initial: 38536952.000
saving by group=[0.18354456,0.15923825,0.10915448,0.09581471,0.09827779]
