IdxValuations: 0=1.0, 1=1.1, 2=1.2, 3=1.3, 4=1.4, 5=1.5, 6=1.6, 7=1.7, 8=1.8, 9=1.9, 
ValDist: 0=0.1, 1=0.1, 2=0.1, 3=0.1, 4=0.1, 5=0.1, 6=0.1, 7=0.1, 8=0.1, 9=0.1, 
initPrice: 0=9.715284E-5, 1=9.965698E-5, 2=1.0E-4, 3=1.0E-4, 4=1.0E-4, 5=1.0E-4, 6=1.18008415E-4, 7=1.1712097E-4, 8=1.0E-4, 9=1.0E-4, 10=1.14030685E-4, 11=1.371863E-4, 12=1.4829969E-4, 13=1.2432029E-4, 14=9.8942895E-5, 15=1.0E-4, 16=1.0E-4, 17=1.6346265E-4, 18=3.2410253E-4, 19=3.5198874E-4, 20=3.5198874E-4, 21=2.880011E-4, 22=2.5421963E-4, 23=1.3462084E-4, 
Phase-1: 0,0,0,0,0,0,0,0,0,0,0,0,0,0,0,0,0,0,364228,2681936,44877,0,0,0
Phase-1: 0,0,0,0,0,0,0,0,0,0,0,0,0,0,0,0,0,0,364228,982,44877,0,0,0
Phase-2: 0,0,0,0,0,0,0,0,0,0,0,0,0,0,0,0,0,0,364228,982,44877,0,0,0
Phase-2: 0,0,0,0,0,0,0,0,0,0,0,0,0,0,0,0,0,0,364228,982,44877,0,0,0
Phase-3: 0,0,0,0,0,0,0,0,0,0,0,0,0,0,0,0,0,0,364228,982,44877,0,0,0
Phase-3: 0,0,0,0,0,0,0,0,0,0,0,0,0,0,0,0,0,0,364228,982,44877,0,0,0
Phase-4: 0,0,0,0,0,0,0,0,0,0,0,0,0,0,0,0,0,0,364228,982,44877,0,0,0
Phase-4: 0,0,0,0,0,0,0,0,0,0,0,0,0,0,0,0,0,0,364228,982,44877,0,0,0
Phase-5: 0,0,0,0,0,0,0,0,0,0,0,0,0,0,0,0,0,0,364228,982,44877,0,0,0
Phase-5: 0,0,0,0,0,0,0,0,0,0,0,0,0,0,0,0,0,0,364228,0,44877,0,0,0
Phase-6: 0,0,0,0,0,0,0,0,0,0,0,0,0,0,0,0,0,0,364228,0,44877,0,0,0
Phase-6: 0,0,0,0,0,0,0,0,0,0,0,0,0,0,0,0,0,0,364228,0,53,0,0,0
Phase-7: 0,0,0,0,0,0,0,0,0,0,0,0,0,0,0,0,0,0,364228,0,53,0,0,0
Phase-7: 0,0,0,0,0,0,0,0,0,0,0,0,0,0,0,0,0,0,62251,0,0,0,0,0
Phase-8: 0,0,0,0,0,0,0,0,0,0,0,0,0,0,0,0,0,0,62251,0,0,0,0,0
Phase-8: 0,0,0,0,0,0,0,0,0,0,0,0,0,0,0,0,0,0,0,0,0,0,0,0
UtilitySummary: shiftU=[0.079833515,0.025583243,0.0,0.0,0.0,0.0,0.0,0.0,0.0,0.0], priceUPerKWh=[0.19929077,0.20445669,0.20484087,0.204607,0.20371413,0.2045878,0.2033973,0.2055162,0.2035778,0.20414451]
Company expenses: 7805.000, income: 7900.977, initialCost: 7861.000
Total wh from company: 38588400.000, from consumer: 38588536.000, initial: 38588400.000
saving by group=[0.016532829,-0.0030819224,-0.007675352,-0.006829546,-0.00816505,-0.0077386075,-0.0073056645,-0.00799793,-0.006877999,-0.0076783583]
