IdxValuations: 0=1.0, 1=1.1, 2=1.2, 3=1.3, 4=1.4, 5=1.5, 6=1.6, 7=1.7, 8=1.8, 9=1.9, 
ValDist: 0=0.1, 1=0.1, 2=0.1, 3=0.1, 4=0.1, 5=0.1, 6=0.1, 7=0.1, 8=0.1, 9=0.1, 
initPrice: 0=9.717994E-5, 1=9.965311E-5, 2=1.0E-4, 3=1.0E-4, 4=1.0E-4, 5=1.0E-4, 6=1.1881737E-4, 7=1.1656011E-4, 8=1.0E-4, 9=1.0E-4, 10=1.250061E-4, 11=1.9483901E-4, 12=1.9483901E-4, 13=1.9483901E-4, 14=1.9483901E-4, 15=1.9483901E-4, 16=1.9483901E-4, 17=1.9483901E-4, 18=1.9483901E-4, 19=1.9483901E-4, 20=1.9483901E-4, 21=1.9483901E-4, 22=1.9483901E-4, 23=1.9483901E-4, 
Phase-1: 0,0,0,0,0,0,0,0,0,0,91077,616337,545875,704158,1042649,1052977,1052977,258870,1052977,1052977,1052977,1052977,1052977,594876
Phase-1: 0,0,0,0,0,0,0,0,0,0,91077,616337,545875,704158,1042649,1052977,1052977,258870,1167,0,0,0,0,594876
Phase-2: 0,0,0,0,0,0,0,0,0,0,91077,616337,545875,704158,1042649,1052977,1052977,258870,1167,0,0,0,0,594876
Phase-2: 0,0,0,0,0,0,0,0,0,0,91077,616337,545875,704158,1042649,1052977,1052977,246502,0,0,0,0,0,0
Phase-3: 0,0,0,0,0,0,0,0,0,0,91077,616337,545875,704158,1042649,1052977,1052977,246502,0,0,0,0,0,0
Phase-3: 0,0,0,0,0,0,0,0,0,0,91077,616337,545875,704158,1042649,1052977,1052977,0,0,0,0,0,0,0
Phase-4: 0,0,0,0,0,0,0,0,0,0,91077,616337,545875,704158,1042649,1052977,1052977,0,0,0,0,0,0,0
Phase-4: 0,0,0,0,0,0,0,0,0,0,91077,616337,545875,704158,1042649,1052977,257,0,0,0,0,0,0,0
Phase-5: 0,0,0,0,0,0,0,0,0,0,91077,616337,545875,704158,1042649,1052977,257,0,0,0,0,0,0,0
Phase-5: 0,0,0,0,0,0,0,0,0,0,91077,616337,545875,704158,1042649,0,0,0,0,0,0,0,0,0
Phase-6: 0,0,0,0,0,0,0,0,0,0,91077,616337,545875,704158,1042649,0,0,0,0,0,0,0,0,0
Phase-6: 0,0,0,0,0,0,0,0,0,0,91077,616337,545875,704158,603,0,0,0,0,0,0,0,0,0
Phase-7: 0,0,0,0,0,0,0,0,0,0,91077,616337,545875,704158,603,0,0,0,0,0,0,0,0,0
Phase-7: 0,0,0,0,0,0,0,0,0,0,91077,616337,545875,395629,603,0,0,0,0,0,0,0,0,0
Phase-8: 0,0,0,0,0,0,0,0,0,0,91077,616337,545875,395629,603,0,0,0,0,0,0,0,0,0
Phase-8: 0,0,0,0,0,0,0,0,0,0,91077,616337,545875,395629,603,0,0,0,0,0,0,0,0,0
Phase-9: 0,0,0,0,0,0,0,0,0,0,91077,616337,545875,395629,603,0,0,0,0,0,0,0,0,0
Phase-9: 0,0,0,0,0,0,0,0,0,0,91077,616337,545875,395629,0,0,0,0,0,0,0,0,0,0
Phase-10: 0,0,0,0,0,0,0,0,0,0,91077,616337,545875,395629,0,0,0,0,0,0,0,0,0,0
Phase-10: 0,0,0,0,0,0,0,0,0,0,91077,616337,545875,0,0,0,0,0,0,0,0,0,0,0
Phase-11: 0,0,0,0,0,0,0,0,0,0,91077,616337,545875,0,0,0,0,0,0,0,0,0,0,0
Phase-11: 0,0,0,0,0,0,0,0,0,0,91077,616337,1408,0,0,0,0,0,0,0,0,0,0,0
Phase-12: 0,0,0,0,0,0,0,0,0,0,91077,616337,1408,0,0,0,0,0,0,0,0,0,0,0
Phase-12: 0,0,0,0,0,0,0,0,0,0,91077,616337,0,0,0,0,0,0,0,0,0,0,0,0
Phase-13: 0,0,0,0,0,0,0,0,0,0,91077,616337,0,0,0,0,0,0,0,0,0,0,0,0
Phase-13: 0,0,0,0,0,0,0,0,0,0,91077,758,0,0,0,0,0,0,0,0,0,0,0,0
Phase-14: 0,0,0,0,0,0,0,0,0,0,91077,758,0,0,0,0,0,0,0,0,0,0,0,0
Phase-14: 0,0,0,0,0,0,0,0,0,0,91077,0,0,0,0,0,0,0,0,0,0,0,0,0
Phase-15: 0,0,0,0,0,0,0,0,0,0,91077,0,0,0,0,0,0,0,0,0,0,0,0,0
Phase-15: 0,0,0,0,0,0,0,0,0,0,0,0,0,0,0,0,0,0,0,0,0,0,0,0
UtilitySummary: shiftU=[0.2875613,0.28914484,0.2885198,0.27902395,0.19728343,0.12988542,0.04688613,0.0,0.0,0.0], priceUPerKWh=[0.16579534,0.1706391,0.17423686,0.17506169,0.18662378,0.18936108,0.1923579,0.19333859,0.19340955,0.19322796]
Company expenses: 6457.000, income: 7086.203, initialCost: 7930.000
Total wh from company: 38520492.000, from consumer: 38520468.000, initial: 38520492.000
saving by group=[0.18830173,0.16500337,0.14614396,0.14241908,0.08616767,0.07109826,0.05863373,0.05343121,0.054268017,0.052484702]
