IdxValuations: 0=1.0, 1=1.3, 2=1.5, 3=1.6, 4=1.9, 
ValDist: 0=0.4, 1=0.2, 2=0.2, 3=0.1, 4=0.1, 
initPrice: 0=9.71334E-5, 1=9.96535E-5, 2=1.0E-4, 3=1.0E-4, 4=1.0E-4, 5=1.0E-4, 6=1.17945005E-4, 7=1.1706613E-4, 8=1.0E-4, 9=1.0E-4, 10=1.1382868E-4, 11=1.3831083E-4, 12=1.4822154E-4, 13=1.2478522E-4, 14=9.9012155E-5, 15=1.0E-4, 16=9.842074E-5, 17=2.7044507E-4, 18=2.7044507E-4, 19=2.7044507E-4, 20=2.7044507E-4, 21=2.7044507E-4, 22=2.7044507E-4, 23=1.9176964E-4, 
Phase-1: 0,0,0,0,0,0,0,0,0,0,0,0,0,0,0,0,16046,1152264,1898925,1898925,1898925,1898925,167263,625082
Phase-1: 0,0,0,0,0,0,0,0,0,0,0,0,0,0,0,0,16046,1152264,13,529,35,0,167263,625082
Phase-2: 0,0,0,0,0,0,0,0,0,0,0,0,0,0,0,0,16046,1152264,13,529,35,0,167263,625082
Phase-2: 0,0,0,0,0,0,0,0,0,0,0,0,0,0,0,0,16046,1140193,0,529,0,0,52239,625082
Phase-3: 0,0,0,0,0,0,0,0,0,0,0,0,0,0,0,0,16046,1140193,0,529,0,0,52239,625082
Phase-3: 0,0,0,0,0,0,0,0,0,0,0,0,0,0,0,0,16046,1135107,0,529,0,0,14710,625082
Phase-4: 0,0,0,0,0,0,0,0,0,0,0,0,0,0,0,0,16046,1135107,0,529,0,0,14710,625082
Phase-4: 0,0,0,0,0,0,0,0,0,0,0,0,0,0,0,0,16046,1135107,0,529,0,0,14710,625082
Phase-5: 0,0,0,0,0,0,0,0,0,0,0,0,0,0,0,0,16046,1135107,0,529,0,0,14710,625082
Phase-5: 0,0,0,0,0,0,0,0,0,0,0,0,0,0,0,0,16046,1135107,0,0,0,0,14710,625082
Phase-6: 0,0,0,0,0,0,0,0,0,0,0,0,0,0,0,0,16046,1135107,0,0,0,0,14710,625082
Phase-6: 0,0,0,0,0,0,0,0,0,0,0,0,0,0,0,0,16046,0,0,0,0,0,356,625082
Phase-7: 0,0,0,0,0,0,0,0,0,0,0,0,0,0,0,0,16046,0,0,0,0,0,356,625082
Phase-7: 0,0,0,0,0,0,0,0,0,0,0,0,0,0,0,0,0,0,0,0,0,0,0,515872
Phase-8: 0,0,0,0,0,0,0,0,0,0,0,0,0,0,0,0,0,0,0,0,0,0,0,515872
Phase-8: 0,0,0,0,0,0,0,0,0,0,0,0,0,0,0,0,0,0,0,0,0,0,0,0
UtilitySummary: shiftU=[0.12992842,0.0022830637,0.0,0.0,0.0], priceUPerKWh=[0.18417138,0.19435541,0.1946402,0.19456565,0.19472581]
Company expenses: 7226.000, income: 7380.073, initialCost: 7924.000
Total wh from company: 38543864.000, from consumer: 38543888.000, initial: 38543864.000
saving by group=[0.09634965,0.050357025,0.049306054,0.04548641,0.046734653]
