IdxValuations: 0=1.0, 1=1.1, 2=1.2, 3=1.3, 4=1.4, 5=1.5, 6=1.6, 7=1.7, 8=1.8, 9=1.9, 
ValDist: 0=0.1, 1=0.1, 2=0.1, 3=0.1, 4=0.1, 5=0.1, 6=0.1, 7=0.1, 8=0.1, 9=0.1, 
initPrice: 0=9.719684E-5, 1=9.965688E-5, 2=1.0E-4, 3=1.0E-4, 4=1.0E-4, 5=1.0E-4, 6=1.18045944E-4, 7=1.17425545E-4, 8=1.0E-4, 9=1.0E-4, 10=1.1427003E-4, 11=1.3749706E-4, 12=1.4870016E-4, 13=1.2477767E-4, 14=9.89901E-5, 15=1.247112E-4, 16=2.4811857E-4, 17=2.4811857E-4, 18=2.4811857E-4, 19=2.4811857E-4, 20=2.4811857E-4, 21=2.4811857E-4, 22=2.4811857E-4, 23=2.4811857E-4, 
Phase-1: 0,0,0,0,0,0,0,0,0,0,0,0,0,0,0,355131,1518957,752637,1518957,1518957,1518957,1518957,1518957,1091422
Phase-1: 0,0,0,0,0,0,0,0,0,0,0,0,0,0,0,355131,1518957,752637,0,562,0,827,255,1091422
Phase-2: 0,0,0,0,0,0,0,0,0,0,0,0,0,0,0,355131,1518957,752637,0,562,0,827,255,1091422
Phase-2: 0,0,0,0,0,0,0,0,0,0,0,0,0,0,0,355131,1518957,692318,0,562,0,59,0,1045737
Phase-3: 0,0,0,0,0,0,0,0,0,0,0,0,0,0,0,355131,1518957,692318,0,562,0,59,0,1045737
Phase-3: 0,0,0,0,0,0,0,0,0,0,0,0,0,0,0,355131,1518957,680716,0,0,0,0,0,501837
Phase-4: 0,0,0,0,0,0,0,0,0,0,0,0,0,0,0,355131,1518957,680716,0,0,0,0,0,501837
Phase-4: 0,0,0,0,0,0,0,0,0,0,0,0,0,0,0,355131,1518957,0,0,0,0,0,0,0
Phase-5: 0,0,0,0,0,0,0,0,0,0,0,0,0,0,0,355131,1518957,0,0,0,0,0,0,0
Phase-5: 0,0,0,0,0,0,0,0,0,0,0,0,0,0,0,355131,6,0,0,0,0,0,0,0
Phase-6: 0,0,0,0,0,0,0,0,0,0,0,0,0,0,0,355131,6,0,0,0,0,0,0,0
Phase-6: 0,0,0,0,0,0,0,0,0,0,0,0,0,0,0,13938,0,0,0,0,0,0,0,0
Phase-7: 0,0,0,0,0,0,0,0,0,0,0,0,0,0,0,13938,0,0,0,0,0,0,0,0
Phase-7: 0,0,0,0,0,0,0,0,0,0,0,0,0,0,0,0,0,0,0,0,0,0,0,0
UtilitySummary: shiftU=[0.28670785,0.22819538,0.16752972,0.14280164,0.092518106,0.023759775,0.0,0.0,0.0,0.0], priceUPerKWh=[0.17302404,0.18437627,0.18804407,0.195294,0.19976416,0.20395273,0.20437874,0.2045556,0.20538896,0.20428966]
Company expenses: 7091.000, income: 7606.471, initialCost: 7814.000
Total wh from company: 38548624.000, from consumer: 38548652.000, initial: 38548624.000
saving by group=[0.1389055,0.07764284,0.062616296,0.029713795,0.008904489,-0.0069675725,-0.013584202,-0.015116127,-0.015098441,-0.013863239]
