IdxValuations: 0=1.0, 1=1.1, 2=1.2, 3=1.3, 4=1.4, 5=1.5, 6=1.6, 7=1.7, 8=1.8, 9=1.9, 
ValDist: 0=0.1, 1=0.1, 2=0.1, 3=0.1, 4=0.1, 5=0.1, 6=0.1, 7=0.1, 8=0.1, 9=0.1, 
initPrice: 0=9.72027E-5, 1=9.968887E-5, 2=1.0E-4, 3=1.0E-4, 4=1.0E-4, 5=1.0E-4, 6=1.17446805E-4, 7=1.1804207E-4, 8=1.0E-4, 9=1.0E-4, 10=1.1502727E-4, 11=1.3699387E-4, 12=1.4796352E-4, 13=1.2534006E-4, 14=9.898187E-5, 15=1.0E-4, 16=1.0E-4, 17=1.8403053E-4, 18=3.299716E-4, 19=3.299716E-4, 20=3.299716E-4, 21=3.299716E-4, 22=2.7354684E-4, 23=1.337245E-4, 
Phase-1: 0,0,0,0,0,0,0,0,0,0,0,0,0,0,0,0,0,205412,272978,2300284,2300284,346682,239541,0
Phase-1: 0,0,0,0,0,0,0,0,0,0,0,0,0,0,0,0,0,205412,272978,0,416,346682,239541,0
Phase-2: 0,0,0,0,0,0,0,0,0,0,0,0,0,0,0,0,0,205412,272978,0,416,346682,239541,0
Phase-2: 0,0,0,0,0,0,0,0,0,0,0,0,0,0,0,0,0,205412,0,0,0,334423,239541,0
Phase-3: 0,0,0,0,0,0,0,0,0,0,0,0,0,0,0,0,0,205412,0,0,0,334423,239541,0
Phase-3: 0,0,0,0,0,0,0,0,0,0,0,0,0,0,0,0,0,205412,0,0,0,381,239541,0
Phase-4: 0,0,0,0,0,0,0,0,0,0,0,0,0,0,0,0,0,205412,0,0,0,381,239541,0
Phase-4: 0,0,0,0,0,0,0,0,0,0,0,0,0,0,0,0,0,195090,0,0,0,0,158472,0
Phase-5: 0,0,0,0,0,0,0,0,0,0,0,0,0,0,0,0,0,195090,0,0,0,0,158472,0
Phase-5: 0,0,0,0,0,0,0,0,0,0,0,0,0,0,0,0,0,141,0,0,0,0,11843,0
Phase-6: 0,0,0,0,0,0,0,0,0,0,0,0,0,0,0,0,0,141,0,0,0,0,11843,0
Phase-6: 0,0,0,0,0,0,0,0,0,0,0,0,0,0,0,0,0,0,0,0,0,0,6480,0
Phase-7: 0,0,0,0,0,0,0,0,0,0,0,0,0,0,0,0,0,0,0,0,0,0,6480,0
Phase-7: 0,0,0,0,0,0,0,0,0,0,0,0,0,0,0,0,0,0,0,0,0,0,0,0
UtilitySummary: shiftU=[0.14362383,0.07925398,0.057543714,0.0,0.0,0.0,0.0,0.0,0.0,0.0], priceUPerKWh=[0.19212146,0.2035657,0.20629704,0.20847462,0.20866449,0.20844854,0.20803185,0.20845167,0.20838688,0.20846333]
Company expenses: 7819.000, income: 7981.873, initialCost: 7930.000
Total wh from company: 38534272.000, from consumer: 38534256.000, initial: 38534272.000
saving by group=[0.059130207,0.0025872004,-0.0063480623,-0.016756779,-0.017831488,-0.017150873,-0.017849555,-0.017998498,-0.018800884,-0.01792055]
