IdxValuations: 0=1.0, 1=1.1, 2=1.2, 3=1.3, 4=1.4, 5=1.5, 6=1.6, 7=1.7, 8=1.8, 9=1.9, 
ValDist: 0=0.1, 1=0.1, 2=0.1, 3=0.1, 4=0.1, 5=0.1, 6=0.1, 7=0.1, 8=0.1, 9=0.1, 
initPrice: 0=9.72027E-5, 1=9.968887E-5, 2=1.0E-4, 3=1.0E-4, 4=1.0E-4, 5=1.0E-4, 6=1.17446805E-4, 7=1.1804207E-4, 8=1.0E-4, 9=1.0E-4, 10=1.1502727E-4, 11=1.3699387E-4, 12=1.4796352E-4, 13=1.2534006E-4, 14=9.898187E-5, 15=1.5122721E-4, 16=2.3270724E-4, 17=2.3270724E-4, 18=2.3270724E-4, 19=2.3270724E-4, 20=2.3270724E-4, 21=2.3270724E-4, 22=2.3270724E-4, 23=2.3270724E-4, 
Phase-1: 0,0,0,0,0,0,0,0,0,0,0,0,0,0,0,692817,1475213,718994,1475213,1475213,1475213,1475213,1475213,1009513
Phase-1: 0,0,0,0,0,0,0,0,0,0,0,0,0,0,0,692817,1475213,718994,0,447,0,0,826,1009513
Phase-2: 0,0,0,0,0,0,0,0,0,0,0,0,0,0,0,692817,1475213,718994,0,447,0,0,826,1009513
Phase-2: 0,0,0,0,0,0,0,0,0,0,0,0,0,0,0,692817,1475213,526623,0,447,0,0,0,984216
Phase-3: 0,0,0,0,0,0,0,0,0,0,0,0,0,0,0,692817,1475213,526623,0,447,0,0,0,984216
Phase-3: 0,0,0,0,0,0,0,0,0,0,0,0,0,0,0,692817,1475213,526623,0,447,0,0,0,44019
Phase-4: 0,0,0,0,0,0,0,0,0,0,0,0,0,0,0,692817,1475213,526623,0,447,0,0,0,44019
Phase-4: 0,0,0,0,0,0,0,0,0,0,0,0,0,0,0,692817,1475213,526623,0,447,0,0,0,44019
Phase-5: 0,0,0,0,0,0,0,0,0,0,0,0,0,0,0,692817,1475213,526623,0,447,0,0,0,44019
Phase-5: 0,0,0,0,0,0,0,0,0,0,0,0,0,0,0,692817,1475213,526623,0,0,0,0,0,44019
Phase-6: 0,0,0,0,0,0,0,0,0,0,0,0,0,0,0,692817,1475213,526623,0,0,0,0,0,44019
Phase-6: 0,0,0,0,0,0,0,0,0,0,0,0,0,0,0,692817,1475213,0,0,0,0,0,0,0
Phase-7: 0,0,0,0,0,0,0,0,0,0,0,0,0,0,0,692817,1475213,0,0,0,0,0,0,0
Phase-7: 0,0,0,0,0,0,0,0,0,0,0,0,0,0,0,692817,0,0,0,0,0,0,0,0
Phase-8: 0,0,0,0,0,0,0,0,0,0,0,0,0,0,0,692817,0,0,0,0,0,0,0,0
Phase-8: 0,0,0,0,0,0,0,0,0,0,0,0,0,0,0,0,0,0,0,0,0,0,0,0
UtilitySummary: shiftU=[0.28525978,0.24101005,0.21207988,0.14853929,0.09497061,0.024444511,0.0,0.0,0.0,0.0], priceUPerKWh=[0.16374214,0.17798994,0.18239376,0.18586062,0.19236408,0.19580404,0.19656186,0.19685824,0.1966447,0.1970777]
Company expenses: 6786.000, income: 7306.531, initialCost: 7930.000
Total wh from company: 38534272.000, from consumer: 38534256.000, initial: 38534272.000
saving by group=[0.1954054,0.12595893,0.10776835,0.09119826,0.059997942,0.043786053,0.0376579,0.037994448,0.038110524,0.037000258]
