IdxValuations: 0=1.0, 1=1.3, 2=1.5, 3=1.6, 4=1.9, 
ValDist: 0=0.4, 1=0.2, 2=0.2, 3=0.1, 4=0.1, 
initPrice: 0=9.716964E-5, 1=9.9675155E-5, 2=1.0E-4, 3=1.0E-4, 4=1.0E-4, 5=1.0E-4, 6=1.1701894E-4, 7=1.1811091E-4, 8=1.0E-4, 9=1.0E-4, 10=1.1452458E-4, 11=1.381342E-4, 12=1.4966355E-4, 13=1.2303687E-4, 14=9.89951E-5, 15=1.0E-4, 16=1.0E-4, 17=1.6354794E-4, 18=3.2450224E-4, 19=3.2450224E-4, 20=3.2450224E-4, 21=3.2450224E-4, 22=2.7485992E-4, 23=1.3433426E-4, 
Phase-1: 0,0,0,0,0,0,0,0,0,0,0,0,0,0,0,0,0,0,365334,2355909,2355909,497296,145345,0
Phase-1: 0,0,0,0,0,0,0,0,0,0,0,0,0,0,0,0,0,0,365334,550,0,497296,145345,0
Phase-2: 0,0,0,0,0,0,0,0,0,0,0,0,0,0,0,0,0,0,365334,550,0,497296,145345,0
Phase-2: 0,0,0,0,0,0,0,0,0,0,0,0,0,0,0,0,0,0,363292,550,0,328299,145345,0
Phase-3: 0,0,0,0,0,0,0,0,0,0,0,0,0,0,0,0,0,0,363292,550,0,328299,145345,0
Phase-3: 0,0,0,0,0,0,0,0,0,0,0,0,0,0,0,0,0,0,363292,0,0,328299,145345,0
Phase-4: 0,0,0,0,0,0,0,0,0,0,0,0,0,0,0,0,0,0,363292,0,0,328299,145345,0
Phase-4: 0,0,0,0,0,0,0,0,0,0,0,0,0,0,0,0,0,0,0,0,0,328299,145345,0
Phase-5: 0,0,0,0,0,0,0,0,0,0,0,0,0,0,0,0,0,0,0,0,0,328299,145345,0
Phase-5: 0,0,0,0,0,0,0,0,0,0,0,0,0,0,0,0,0,0,0,0,0,18,145345,0
Phase-6: 0,0,0,0,0,0,0,0,0,0,0,0,0,0,0,0,0,0,0,0,0,18,145345,0
Phase-6: 0,0,0,0,0,0,0,0,0,0,0,0,0,0,0,0,0,0,0,0,0,0,8838,0
Phase-7: 0,0,0,0,0,0,0,0,0,0,0,0,0,0,0,0,0,0,0,0,0,0,8838,0
Phase-7: 0,0,0,0,0,0,0,0,0,0,0,0,0,0,0,0,0,0,0,0,0,0,0,0
UtilitySummary: shiftU=[0.068061724,0.0,0.0,0.0,0.0], priceUPerKWh=[0.19999042,0.19982465,0.2004288,0.20007718,0.20042932]
Company expenses: 7747.000, income: 7746.992, initialCost: 7867.000
Total wh from company: 38547640.000, from consumer: 38547624.000, initial: 38547640.000
saving by group=[0.01516827,0.0124996565,0.011458346,0.013825318,0.013676632]
