initPrice: 0=9.72027E-5, 1=9.968887E-5, 2=1.0E-4, 3=1.0E-4, 4=1.0E-4, 5=1.0E-4, 6=1.17446805E-4, 7=1.1804207E-4, 8=1.0E-4, 9=1.0E-4, 10=1.1502727E-4, 11=1.3699387E-4, 12=1.4796352E-4, 13=1.2534006E-4, 14=9.898187E-5, 15=1.5122721E-4, 16=2.3270724E-4, 17=2.3270724E-4, 18=2.3270724E-4, 19=2.3270724E-4, 20=2.3270724E-4, 21=2.3270724E-4, 22=2.3270724E-4, 23=2.3270724E-4, 
Phase-1: 0,0,0,0,0,0,0,0,0,0,0,0,0,0,0,692817,1475213,718994,1475213,1475213,1475213,1475213,1475213,1009513
Phase-1: 0,0,0,0,0,0,0,0,0,0,0,0,0,0,0,692817,1475213,718994,0,278,0,0,45,1009513
Phase-2: 0,0,0,0,0,0,0,0,0,0,0,0,0,0,0,692817,1475213,718994,0,278,0,0,45,1009513
Phase-2: 0,0,0,0,0,0,0,0,0,0,0,0,0,0,0,692817,1475213,219925,0,278,0,0,0,0
Phase-3: 0,0,0,0,0,0,0,0,0,0,0,0,0,0,0,692817,1475213,219925,0,278,0,0,0,0
Phase-3: 0,0,0,0,0,0,0,0,0,0,0,0,0,0,0,692817,1475213,156336,0,278,0,0,0,0
Phase-4: 0,0,0,0,0,0,0,0,0,0,0,0,0,0,0,692817,1475213,156336,0,278,0,0,0,0
Phase-4: 0,0,0,0,0,0,0,0,0,0,0,0,0,0,0,692817,1475213,156336,0,278,0,0,0,0
Phase-5: 0,0,0,0,0,0,0,0,0,0,0,0,0,0,0,692817,1475213,156336,0,278,0,0,0,0
Phase-5: 0,0,0,0,0,0,0,0,0,0,0,0,0,0,0,692817,1475213,156336,0,0,0,0,0,0
Phase-6: 0,0,0,0,0,0,0,0,0,0,0,0,0,0,0,692817,1475213,156336,0,0,0,0,0,0
Phase-6: 0,0,0,0,0,0,0,0,0,0,0,0,0,0,0,692817,1475213,0,0,0,0,0,0,0
Phase-7: 0,0,0,0,0,0,0,0,0,0,0,0,0,0,0,692817,1475213,0,0,0,0,0,0,0
Phase-7: 0,0,0,0,0,0,0,0,0,0,0,0,0,0,0,692817,0,0,0,0,0,0,0,0
Phase-8: 0,0,0,0,0,0,0,0,0,0,0,0,0,0,0,692817,0,0,0,0,0,0,0,0
Phase-8: 0,0,0,0,0,0,0,0,0,0,0,0,0,0,0,0,0,0,0,0,0,0,0,0
UtilitySummary: shiftU=[0.22388026,0.061779343,0.0,0.0,0.0], priceUPerKWh=[0.17298073,0.18428412,0.18679251,0.18670137,0.18721114]
Company expenses: 6786.000, income: 7002.896, initialCost: 7930.000
Total wh from company: 38534272.000, from consumer: 38534256.000, initial: 38534272.000
saving by group=[0.15220252,0.09897759,0.08544439,0.08579492,0.084228136]
