initPrice: 0=9.72027E-5, 1=9.968887E-5, 2=1.0E-4, 3=1.0E-4, 4=1.0E-4, 5=1.0E-4, 6=1.17446805E-4, 7=1.1804207E-4, 8=1.0E-4, 9=1.0E-4, 10=1.1502727E-4, 11=1.9489673E-4, 12=1.9392266E-4, 13=1.9392266E-4, 14=1.9392266E-4, 15=1.9392266E-4, 16=1.9392266E-4, 17=1.9392266E-4, 18=1.9392266E-4, 19=1.9392266E-4, 20=1.9392266E-4, 21=1.9392266E-4, 22=1.9392266E-4, 23=1.9392266E-4, 
Phase-1: 0,0,0,0,0,0,0,0,0,0,0,621648,542033,714346,1052392,1062678,1062678,306459,1062678,1062678,1062678,1062678,1062678,596978
Phase-1: 0,0,0,0,0,0,0,0,0,0,0,621648,542033,714346,1052392,1062678,1062678,306459,0,28,0,0,186,596978
Phase-2: 0,0,0,0,0,0,0,0,0,0,0,621648,542033,714346,1052392,1062678,1062678,306459,0,28,0,0,186,596978
Phase-2: 0,0,0,0,0,0,0,0,0,0,0,621648,542033,714346,1052392,1062678,1062678,528,0,0,0,0,0,335
Phase-3: 0,0,0,0,0,0,0,0,0,0,0,621648,542033,714346,1052392,1062678,1062678,528,0,0,0,0,0,335
Phase-3: 0,0,0,0,0,0,0,0,0,0,0,621648,542033,714346,1052392,1062678,452240,52,0,0,0,0,0,0
Phase-4: 0,0,0,0,0,0,0,0,0,0,0,621648,542033,714346,1052392,1062678,452240,52,0,0,0,0,0,0
Phase-4: 0,0,0,0,0,0,0,0,0,0,0,621648,542033,714346,1052392,1062678,0,0,0,0,0,0,0,0
Phase-5: 0,0,0,0,0,0,0,0,0,0,0,621648,542033,714346,1052392,1062678,0,0,0,0,0,0,0,0
Phase-5: 0,0,0,0,0,0,0,0,0,0,0,621648,542033,714346,1052392,0,0,0,0,0,0,0,0,0
Phase-6: 0,0,0,0,0,0,0,0,0,0,0,621648,542033,714346,1052392,0,0,0,0,0,0,0,0,0
Phase-6: 0,0,0,0,0,0,0,0,0,0,0,621648,542033,714346,0,0,0,0,0,0,0,0,0,0
Phase-7: 0,0,0,0,0,0,0,0,0,0,0,621648,542033,714346,0,0,0,0,0,0,0,0,0,0
Phase-7: 0,0,0,0,0,0,0,0,0,0,0,621648,542033,556,0,0,0,0,0,0,0,0,0,0
Phase-8: 0,0,0,0,0,0,0,0,0,0,0,621648,542033,556,0,0,0,0,0,0,0,0,0,0
Phase-8: 0,0,0,0,0,0,0,0,0,0,0,621648,398323,556,0,0,0,0,0,0,0,0,0,0
Phase-9: 0,0,0,0,0,0,0,0,0,0,0,621648,398323,556,0,0,0,0,0,0,0,0,0,0
Phase-9: 0,0,0,0,0,0,0,0,0,0,0,621648,398323,556,0,0,0,0,0,0,0,0,0,0
Phase-10: 0,0,0,0,0,0,0,0,0,0,0,621648,398323,556,0,0,0,0,0,0,0,0,0,0
Phase-10: 0,0,0,0,0,0,0,0,0,0,0,621648,398323,0,0,0,0,0,0,0,0,0,0,0
Phase-11: 0,0,0,0,0,0,0,0,0,0,0,621648,398323,0,0,0,0,0,0,0,0,0,0,0
Phase-11: 0,0,0,0,0,0,0,0,0,0,0,621648,4,0,0,0,0,0,0,0,0,0,0,0
Phase-12: 0,0,0,0,0,0,0,0,0,0,0,621648,4,0,0,0,0,0,0,0,0,0,0,0
Phase-12: 0,0,0,0,0,0,0,0,0,0,0,16076,0,0,0,0,0,0,0,0,0,0,0,0
Phase-13: 0,0,0,0,0,0,0,0,0,0,0,16076,0,0,0,0,0,0,0,0,0,0,0,0
Phase-13: 0,0,0,0,0,0,0,0,0,0,0,0,0,0,0,0,0,0,0,0,0,0,0,0
UtilitySummary: shiftU=[0.28277233,0.17883769,0.024695199,0.0,0.0], priceUPerKWh=[0.16675225,0.1749918,0.18278654,0.18397483,0.18412213]
Company expenses: 6432.000, income: 6764.694, initialCost: 7930.000
Total wh from company: 38534272.000, from consumer: 38534256.000, initial: 38534272.000
saving by group=[0.18195125,0.14332414,0.10466249,0.098732665,0.09911214]
