initPrice: 0=9.72027E-5, 1=9.968887E-5, 2=1.0E-4, 3=1.0E-4, 4=1.0E-4, 5=1.0E-4, 6=1.17446805E-4, 7=1.1804207E-4, 8=1.0E-4, 9=1.0E-4, 10=1.1502727E-4, 11=1.9489673E-4, 12=1.9392266E-4, 13=1.9392266E-4, 14=1.9392266E-4, 15=1.9392266E-4, 16=1.9392266E-4, 17=1.9392266E-4, 18=1.9392266E-4, 19=1.9392266E-4, 20=1.9392266E-4, 21=1.9392266E-4, 22=1.9392266E-4, 23=1.9392266E-4, 
Phase-1: 0,0,0,0,0,0,0,0,0,0,0,621648,542033,714346,1052392,1062678,1062678,306459,1062678,1062678,1062678,1062678,1062678,596978
Phase-1: 0,0,0,0,0,0,0,0,0,0,0,621648,542033,714346,1052392,1062678,1062678,306459,0,602,0,0,461,596978
Phase-2: 0,0,0,0,0,0,0,0,0,0,0,621648,542033,714346,1052392,1062678,1062678,306459,0,602,0,0,461,596978
Phase-2: 0,0,0,0,0,0,0,0,0,0,0,621648,542033,714346,1052392,1062678,1062678,168285,0,602,0,0,0,309053
Phase-3: 0,0,0,0,0,0,0,0,0,0,0,621648,542033,714346,1052392,1062678,1062678,168285,0,602,0,0,0,309053
Phase-3: 0,0,0,0,0,0,0,0,0,0,0,621648,542033,714346,1052392,1062678,1062678,168285,0,602,0,0,0,222
Phase-4: 0,0,0,0,0,0,0,0,0,0,0,621648,542033,714346,1052392,1062678,1062678,168285,0,602,0,0,0,222
Phase-4: 0,0,0,0,0,0,0,0,0,0,0,621648,542033,714346,1052392,1062678,1062678,114427,0,0,0,0,0,0
Phase-5: 0,0,0,0,0,0,0,0,0,0,0,621648,542033,714346,1052392,1062678,1062678,114427,0,0,0,0,0,0
Phase-5: 0,0,0,0,0,0,0,0,0,0,0,621648,542033,714346,1052392,1062678,1062678,0,0,0,0,0,0,0
Phase-6: 0,0,0,0,0,0,0,0,0,0,0,621648,542033,714346,1052392,1062678,1062678,0,0,0,0,0,0,0
Phase-6: 0,0,0,0,0,0,0,0,0,0,0,621648,542033,714346,1052392,1062678,0,0,0,0,0,0,0,0
Phase-7: 0,0,0,0,0,0,0,0,0,0,0,621648,542033,714346,1052392,1062678,0,0,0,0,0,0,0,0
Phase-7: 0,0,0,0,0,0,0,0,0,0,0,621648,542033,714346,1052392,1908,0,0,0,0,0,0,0,0
Phase-8: 0,0,0,0,0,0,0,0,0,0,0,621648,542033,714346,1052392,1908,0,0,0,0,0,0,0,0
Phase-8: 0,0,0,0,0,0,0,0,0,0,0,621648,542033,714346,1052392,1908,0,0,0,0,0,0,0,0
Phase-9: 0,0,0,0,0,0,0,0,0,0,0,621648,542033,714346,1052392,1908,0,0,0,0,0,0,0,0
Phase-9: 0,0,0,0,0,0,0,0,0,0,0,621648,542033,714346,1052392,1908,0,0,0,0,0,0,0,0
Phase-10: 0,0,0,0,0,0,0,0,0,0,0,621648,542033,714346,1052392,1908,0,0,0,0,0,0,0,0
Phase-10: 0,0,0,0,0,0,0,0,0,0,0,621648,542033,714346,1052392,0,0,0,0,0,0,0,0,0
Phase-11: 0,0,0,0,0,0,0,0,0,0,0,621648,542033,714346,1052392,0,0,0,0,0,0,0,0,0
Phase-11: 0,0,0,0,0,0,0,0,0,0,0,621648,542033,714346,1429,0,0,0,0,0,0,0,0,0
Phase-12: 0,0,0,0,0,0,0,0,0,0,0,621648,542033,714346,1429,0,0,0,0,0,0,0,0,0
Phase-12: 0,0,0,0,0,0,0,0,0,0,0,621648,542033,714346,0,0,0,0,0,0,0,0,0,0
Phase-13: 0,0,0,0,0,0,0,0,0,0,0,621648,542033,714346,0,0,0,0,0,0,0,0,0,0
Phase-13: 0,0,0,0,0,0,0,0,0,0,0,621648,542033,0,0,0,0,0,0,0,0,0,0,0
Phase-14: 0,0,0,0,0,0,0,0,0,0,0,621648,542033,0,0,0,0,0,0,0,0,0,0,0
Phase-14: 0,0,0,0,0,0,0,0,0,0,0,621648,0,0,0,0,0,0,0,0,0,0,0,0
Phase-15: 0,0,0,0,0,0,0,0,0,0,0,621648,0,0,0,0,0,0,0,0,0,0,0,0
Phase-15: 0,0,0,0,0,0,0,0,0,0,0,0,0,0,0,0,0,0,0,0,0,0,0,0
UtilitySummary: shiftU=[0.28762668,0.2867319,0.2892133,0.26469848,0.22010098,0.13552177,0.049861025,0.0,0.0,0.0], priceUPerKWh=[0.16686252,0.17078681,0.17234045,0.17817484,0.18443768,0.18817835,0.19148889,0.1925699,0.19242643,0.19263761]
Company expenses: 6432.000, income: 7074.594, initialCost: 7930.000
Total wh from company: 38534272.000, from consumer: 38534256.000, initial: 38534272.000
saving by group=[0.18131155,0.16042393,0.15611085,0.12765667,0.097536,0.07894286,0.061243974,0.057773843,0.057367805,0.057454724]
