initPrice: 0=9.719448E-5, 1=9.968857E-5, 2=1.0E-4, 3=1.0E-4, 4=1.0E-4, 5=1.0E-4, 6=1.1812283E-4, 7=1.1666957E-4, 8=1.0E-4, 9=1.0E-4, 10=1.1405254E-4, 11=1.368118E-4, 12=1.4951397E-4, 13=1.2514235E-4, 14=9.898863E-5, 15=1.0E-4, 16=1.0E-4, 17=2.710027E-4, 18=2.710027E-4, 19=2.710027E-4, 20=2.710027E-4, 21=2.710027E-4, 22=2.710027E-4, 23=2.0673942E-4, 
Phase-1: 0,0,0,0,0,0,0,0,0,0,0,0,0,0,0,0,0,1111496,1892960,1892960,1892960,1892960,218632,659831
Phase-1: 0,0,0,0,0,0,0,0,0,0,0,0,0,0,0,0,0,1111496,0,482,405,903,218632,659831
Phase-2: 0,0,0,0,0,0,0,0,0,0,0,0,0,0,0,0,0,1111496,0,482,405,903,218632,659831
Phase-2: 0,0,0,0,0,0,0,0,0,0,0,0,0,0,0,0,0,1111496,0,482,0,0,218632,659831
Phase-3: 0,0,0,0,0,0,0,0,0,0,0,0,0,0,0,0,0,1111496,0,482,0,0,218632,659831
Phase-3: 0,0,0,0,0,0,0,0,0,0,0,0,0,0,0,0,0,1078902,0,0,0,0,4709,659831
Phase-4: 0,0,0,0,0,0,0,0,0,0,0,0,0,0,0,0,0,1078902,0,0,0,0,4709,659831
Phase-4: 0,0,0,0,0,0,0,0,0,0,0,0,0,0,0,0,0,510,0,0,0,0,0,659831
Phase-5: 0,0,0,0,0,0,0,0,0,0,0,0,0,0,0,0,0,510,0,0,0,0,0,659831
Phase-5: 0,0,0,0,0,0,0,0,0,0,0,0,0,0,0,0,0,510,0,0,0,0,0,163441
Phase-6: 0,0,0,0,0,0,0,0,0,0,0,0,0,0,0,0,0,510,0,0,0,0,0,163441
Phase-6: 0,0,0,0,0,0,0,0,0,0,0,0,0,0,0,0,0,510,0,0,0,0,0,163441
Phase-7: 0,0,0,0,0,0,0,0,0,0,0,0,0,0,0,0,0,510,0,0,0,0,0,163441
Phase-7: 0,0,0,0,0,0,0,0,0,0,0,0,0,0,0,0,0,0,0,0,0,0,0,163441
Phase-8: 0,0,0,0,0,0,0,0,0,0,0,0,0,0,0,0,0,0,0,0,0,0,0,163441
Phase-8: 0,0,0,0,0,0,0,0,0,0,0,0,0,0,0,0,0,0,0,0,0,0,0,0
UtilitySummary: shiftU=[0.16847353,0.14786701,0.11961909,0.07531103,0.0,0.0,0.0,0.0,0.0,0.0], priceUPerKWh=[0.18246557,0.18593967,0.18845943,0.19300227,0.1986908,0.19925642,0.19851293,0.19876535,0.19868402,0.19871984]
Company expenses: 7267.000, income: 7523.851, initialCost: 7871.000
Total wh from company: 38536952.000, from consumer: 38536884.000, initial: 38536952.000
saving by group=[0.09638948,0.083974205,0.07169514,0.050686207,0.019368593,0.020552931,0.021501083,0.021785814,0.018161472,0.02130961]
