initPrice: 0=9.71334E-5, 1=9.96535E-5, 2=1.0E-4, 3=1.0E-4, 4=1.0E-4, 5=1.0E-4, 6=1.17945005E-4, 7=1.1706613E-4, 8=1.0E-4, 9=1.0E-4, 10=1.1382868E-4, 11=1.8542298E-4, 12=1.9317503E-4, 13=1.9317503E-4, 14=1.9317503E-4, 15=1.9317503E-4, 16=1.9317503E-4, 17=1.9317503E-4, 18=1.9317503E-4, 19=1.9317503E-4, 20=1.9317503E-4, 21=1.9317503E-4, 22=1.9317503E-4, 23=1.9317503E-4, 
Phase-1: 0,0,0,0,0,0,0,0,0,0,0,529802,552663,716334,1060684,1070661,1070661,324000,1070661,1070661,1070661,1070661,1070661,609907
Phase-1: 0,0,0,0,0,0,0,0,0,0,0,529802,552663,716334,1060684,1070661,1070661,324000,864,142,214,0,13,609907
Phase-2: 0,0,0,0,0,0,0,0,0,0,0,529802,552663,716334,1060684,1070661,1070661,324000,864,142,214,0,13,609907
Phase-2: 0,0,0,0,0,0,0,0,0,0,0,529802,552663,716334,1060684,1070661,1070661,319399,0,142,0,0,0,202
Phase-3: 0,0,0,0,0,0,0,0,0,0,0,529802,552663,716334,1060684,1070661,1070661,319399,0,142,0,0,0,202
Phase-3: 0,0,0,0,0,0,0,0,0,0,0,529802,552663,716334,1060684,1070661,1070661,0,0,0,0,0,0,0
Phase-4: 0,0,0,0,0,0,0,0,0,0,0,529802,552663,716334,1060684,1070661,1070661,0,0,0,0,0,0,0
Phase-4: 0,0,0,0,0,0,0,0,0,0,0,529802,552663,716334,1060684,1070661,816,0,0,0,0,0,0,0
Phase-5: 0,0,0,0,0,0,0,0,0,0,0,529802,552663,716334,1060684,1070661,816,0,0,0,0,0,0,0
Phase-5: 0,0,0,0,0,0,0,0,0,0,0,529802,552663,716334,1060684,853554,0,0,0,0,0,0,0,0
Phase-6: 0,0,0,0,0,0,0,0,0,0,0,529802,552663,716334,1060684,853554,0,0,0,0,0,0,0,0
Phase-6: 0,0,0,0,0,0,0,0,0,0,0,529802,552663,716334,1060684,0,0,0,0,0,0,0,0,0
Phase-7: 0,0,0,0,0,0,0,0,0,0,0,529802,552663,716334,1060684,0,0,0,0,0,0,0,0,0
Phase-7: 0,0,0,0,0,0,0,0,0,0,0,529802,552663,716334,0,0,0,0,0,0,0,0,0,0
Phase-8: 0,0,0,0,0,0,0,0,0,0,0,529802,552663,716334,0,0,0,0,0,0,0,0,0,0
Phase-8: 0,0,0,0,0,0,0,0,0,0,0,529802,552663,827,0,0,0,0,0,0,0,0,0,0
Phase-9: 0,0,0,0,0,0,0,0,0,0,0,529802,552663,827,0,0,0,0,0,0,0,0,0,0
Phase-9: 0,0,0,0,0,0,0,0,0,0,0,529802,552663,827,0,0,0,0,0,0,0,0,0,0
Phase-10: 0,0,0,0,0,0,0,0,0,0,0,529802,552663,827,0,0,0,0,0,0,0,0,0,0
Phase-10: 0,0,0,0,0,0,0,0,0,0,0,529802,552663,827,0,0,0,0,0,0,0,0,0,0
Phase-11: 0,0,0,0,0,0,0,0,0,0,0,529802,552663,827,0,0,0,0,0,0,0,0,0,0
Phase-11: 0,0,0,0,0,0,0,0,0,0,0,529802,552663,0,0,0,0,0,0,0,0,0,0,0
Phase-12: 0,0,0,0,0,0,0,0,0,0,0,529802,552663,0,0,0,0,0,0,0,0,0,0,0
Phase-12: 0,0,0,0,0,0,0,0,0,0,0,529802,0,0,0,0,0,0,0,0,0,0,0,0
Phase-13: 0,0,0,0,0,0,0,0,0,0,0,529802,0,0,0,0,0,0,0,0,0,0,0,0
Phase-13: 0,0,0,0,0,0,0,0,0,0,0,0,0,0,0,0,0,0,0,0,0,0,0,0
UtilitySummary: shiftU=[0.28578395,0.16941133,0.026732147,0.0,0.0], priceUPerKWh=[0.16541488,0.1786864,0.18214242,0.18276659,0.18298057]
Company expenses: 6393.000, income: 6763.162, initialCost: 7924.000
Total wh from company: 38543864.000, from consumer: 38543888.000, initial: 38543864.000
saving by group=[0.18733974,0.12576552,0.10970289,0.102981366,0.10395853]
