initPrice: 0=9.719448E-5, 1=9.968857E-5, 2=1.0E-4, 3=1.0E-4, 4=1.0E-4, 5=1.0E-4, 6=1.1812283E-4, 7=1.1666957E-4, 8=1.0E-4, 9=1.0E-4, 10=1.1405254E-4, 11=1.8120125E-4, 12=1.9357336E-4, 13=1.9357336E-4, 14=1.9357336E-4, 15=1.9357336E-4, 16=1.9357336E-4, 17=1.9357336E-4, 18=1.9357336E-4, 19=1.9357336E-4, 20=1.9357336E-4, 21=1.9357336E-4, 22=1.9357336E-4, 23=1.9357336E-4, 
Phase-1: 0,0,0,0,0,0,0,0,0,0,0,559635,561524,715938,1056183,1066400,1066400,284936,1066400,1066400,1066400,1066400,1066400,593111
Phase-1: 0,0,0,0,0,0,0,0,0,0,0,559635,561524,715938,1056183,1066400,1066400,284936,0,554,494,214,590,593111
Phase-2: 0,0,0,0,0,0,0,0,0,0,0,559635,561524,715938,1056183,1066400,1066400,284936,0,554,494,214,590,593111
Phase-2: 0,0,0,0,0,0,0,0,0,0,0,559635,561524,715938,1056183,1066400,1066400,145904,0,0,0,0,0,593111
Phase-3: 0,0,0,0,0,0,0,0,0,0,0,559635,561524,715938,1056183,1066400,1066400,145904,0,0,0,0,0,593111
Phase-3: 0,0,0,0,0,0,0,0,0,0,0,559635,561524,715938,1056183,1066400,1066400,824,0,0,0,0,0,0
Phase-4: 0,0,0,0,0,0,0,0,0,0,0,559635,561524,715938,1056183,1066400,1066400,824,0,0,0,0,0,0
Phase-4: 0,0,0,0,0,0,0,0,0,0,0,559635,561524,715938,1056183,1066400,832168,0,0,0,0,0,0,0
Phase-5: 0,0,0,0,0,0,0,0,0,0,0,559635,561524,715938,1056183,1066400,832168,0,0,0,0,0,0,0
Phase-5: 0,0,0,0,0,0,0,0,0,0,0,559635,561524,715938,1056183,1066400,259,0,0,0,0,0,0,0
Phase-6: 0,0,0,0,0,0,0,0,0,0,0,559635,561524,715938,1056183,1066400,259,0,0,0,0,0,0,0
Phase-6: 0,0,0,0,0,0,0,0,0,0,0,559635,561524,715938,1056183,30,0,0,0,0,0,0,0,0
Phase-7: 0,0,0,0,0,0,0,0,0,0,0,559635,561524,715938,1056183,30,0,0,0,0,0,0,0,0
Phase-7: 0,0,0,0,0,0,0,0,0,0,0,559635,561524,715938,0,0,0,0,0,0,0,0,0,0
Phase-8: 0,0,0,0,0,0,0,0,0,0,0,559635,561524,715938,0,0,0,0,0,0,0,0,0,0
Phase-8: 0,0,0,0,0,0,0,0,0,0,0,559635,561524,650,0,0,0,0,0,0,0,0,0,0
Phase-9: 0,0,0,0,0,0,0,0,0,0,0,559635,561524,650,0,0,0,0,0,0,0,0,0,0
Phase-9: 0,0,0,0,0,0,0,0,0,0,0,559635,479030,0,0,0,0,0,0,0,0,0,0,0
Phase-10: 0,0,0,0,0,0,0,0,0,0,0,559635,479030,0,0,0,0,0,0,0,0,0,0,0
Phase-10: 0,0,0,0,0,0,0,0,0,0,0,559635,173,0,0,0,0,0,0,0,0,0,0,0
Phase-11: 0,0,0,0,0,0,0,0,0,0,0,559635,173,0,0,0,0,0,0,0,0,0,0,0
Phase-11: 0,0,0,0,0,0,0,0,0,0,0,275075,173,0,0,0,0,0,0,0,0,0,0,0
Phase-12: 0,0,0,0,0,0,0,0,0,0,0,275075,173,0,0,0,0,0,0,0,0,0,0,0
Phase-12: 0,0,0,0,0,0,0,0,0,0,0,275075,0,0,0,0,0,0,0,0,0,0,0,0
Phase-13: 0,0,0,0,0,0,0,0,0,0,0,275075,0,0,0,0,0,0,0,0,0,0,0,0
Phase-13: 0,0,0,0,0,0,0,0,0,0,0,0,0,0,0,0,0,0,0,0,0,0,0,0
UtilitySummary: shiftU=[0.2859362,0.28791693,0.28586283,0.27865398,0.19348998,0.13790478,0.049673,0.0,0.0,0.0], priceUPerKWh=[0.16399065,0.17078438,0.17092405,0.17319779,0.1828308,0.18454818,0.19071752,0.19147006,0.19140688,0.19162391]
Company expenses: 6393.000, income: 7001.814, initialCost: 7871.000
Total wh from company: 38536952.000, from consumer: 38536884.000, initial: 38536952.000
saving by group=[0.18746793,0.15809453,0.15666035,0.14694583,0.09524697,0.09053102,0.058973346,0.056837343,0.0534772,0.055449784]
