initPrice: 0=9.71334E-5, 1=9.96535E-5, 2=1.0E-4, 3=1.0E-4, 4=1.0E-4, 5=1.0E-4, 6=1.17945005E-4, 7=1.1706613E-4, 8=1.0E-4, 9=1.0E-4, 10=1.1382868E-4, 11=1.8542298E-4, 12=1.9317503E-4, 13=1.9317503E-4, 14=1.9317503E-4, 15=1.9317503E-4, 16=1.9317503E-4, 17=1.9317503E-4, 18=1.9317503E-4, 19=1.9317503E-4, 20=1.9317503E-4, 21=1.9317503E-4, 22=1.9317503E-4, 23=1.9317503E-4, 
Phase-1: 0,0,0,0,0,0,0,0,0,0,0,529802,552663,716334,1060684,1070661,1070661,324000,1070661,1070661,1070661,1070661,1070661,609907
Phase-1: 0,0,0,0,0,0,0,0,0,0,0,529802,552663,716334,1060684,1070661,1070661,324000,175,30,101,0,18,609907
Phase-2: 0,0,0,0,0,0,0,0,0,0,0,529802,552663,716334,1060684,1070661,1070661,324000,175,30,101,0,18,609907
Phase-2: 0,0,0,0,0,0,0,0,0,0,0,529802,552663,716334,1060684,1070661,1070661,0,127,30,0,0,0,0
Phase-3: 0,0,0,0,0,0,0,0,0,0,0,529802,552663,716334,1060684,1070661,1070661,0,127,30,0,0,0,0
Phase-3: 0,0,0,0,0,0,0,0,0,0,0,529802,552663,716334,1060684,1070661,0,0,0,30,0,0,0,0
Phase-4: 0,0,0,0,0,0,0,0,0,0,0,529802,552663,716334,1060684,1070661,0,0,0,30,0,0,0,0
Phase-4: 0,0,0,0,0,0,0,0,0,0,0,529802,552663,716334,1060684,0,0,0,0,0,0,0,0,0
Phase-5: 0,0,0,0,0,0,0,0,0,0,0,529802,552663,716334,1060684,0,0,0,0,0,0,0,0,0
Phase-5: 0,0,0,0,0,0,0,0,0,0,0,529802,552663,716334,0,0,0,0,0,0,0,0,0,0
Phase-6: 0,0,0,0,0,0,0,0,0,0,0,529802,552663,716334,0,0,0,0,0,0,0,0,0,0
Phase-6: 0,0,0,0,0,0,0,0,0,0,0,529802,552663,1073,0,0,0,0,0,0,0,0,0,0
Phase-7: 0,0,0,0,0,0,0,0,0,0,0,529802,552663,1073,0,0,0,0,0,0,0,0,0,0
Phase-7: 0,0,0,0,0,0,0,0,0,0,0,529802,538414,1073,0,0,0,0,0,0,0,0,0,0
Phase-8: 0,0,0,0,0,0,0,0,0,0,0,529802,538414,1073,0,0,0,0,0,0,0,0,0,0
Phase-8: 0,0,0,0,0,0,0,0,0,0,0,529802,538414,1073,0,0,0,0,0,0,0,0,0,0
Phase-9: 0,0,0,0,0,0,0,0,0,0,0,529802,538414,1073,0,0,0,0,0,0,0,0,0,0
Phase-9: 0,0,0,0,0,0,0,0,0,0,0,529802,538414,0,0,0,0,0,0,0,0,0,0,0
Phase-10: 0,0,0,0,0,0,0,0,0,0,0,529802,538414,0,0,0,0,0,0,0,0,0,0,0
Phase-10: 0,0,0,0,0,0,0,0,0,0,0,529802,0,0,0,0,0,0,0,0,0,0,0,0
Phase-11: 0,0,0,0,0,0,0,0,0,0,0,529802,0,0,0,0,0,0,0,0,0,0,0,0
Phase-11: 0,0,0,0,0,0,0,0,0,0,0,0,0,0,0,0,0,0,0,0,0,0,0,0
UtilitySummary: shiftU=[0.28443164,0.29021445,0.2879869,0.28064477,0.20433442,0.12818903,0.053558797,0.0,0.0,0.0], priceUPerKWh=[0.16460131,0.17132437,0.17534494,0.17602687,0.17975774,0.18319799,0.18789972,0.1919934,0.19135785,0.19148895]
Company expenses: 6393.000, income: 7013.678, initialCost: 7924.000
Total wh from company: 38543864.000, from consumer: 38543888.000, initial: 38543864.000
saving by group=[0.18604504,0.16361897,0.14036322,0.13531631,0.12140927,0.10174445,0.079064645,0.06409366,0.06088132,0.062355496]
