initPrice: 0=9.715284E-5, 1=9.965698E-5, 2=1.0E-4, 3=1.0E-4, 4=1.0E-4, 5=1.0E-4, 6=1.18008415E-4, 7=1.1712097E-4, 8=1.0E-4, 9=1.0E-4, 10=1.14030685E-4, 11=1.371863E-4, 12=1.4829969E-4, 13=1.2432029E-4, 14=9.8942895E-5, 15=1.0E-4, 16=1.0E-4, 17=1.8451495E-4, 18=3.1287887E-4, 19=3.1287887E-4, 20=3.1287887E-4, 21=3.1287887E-4, 22=2.9768352E-4, 23=1.3462084E-4, 
Phase-1: 0,0,0,0,0,0,0,0,0,0,0,0,0,0,0,0,0,188493,277012,2272832,2272832,352704,364227,0
Phase-1: 0,0,0,0,0,0,0,0,0,0,0,0,0,0,0,0,0,188493,277012,525,118,352704,364227,0
Phase-2: 0,0,0,0,0,0,0,0,0,0,0,0,0,0,0,0,0,188493,277012,525,118,352704,364227,0
Phase-2: 0,0,0,0,0,0,0,0,0,0,0,0,0,0,0,0,0,188493,276199,525,0,144101,364227,0
Phase-3: 0,0,0,0,0,0,0,0,0,0,0,0,0,0,0,0,0,188493,276199,525,0,144101,364227,0
Phase-3: 0,0,0,0,0,0,0,0,0,0,0,0,0,0,0,0,0,188493,272266,525,0,0,364227,0
Phase-4: 0,0,0,0,0,0,0,0,0,0,0,0,0,0,0,0,0,188493,272266,525,0,0,364227,0
Phase-4: 0,0,0,0,0,0,0,0,0,0,0,0,0,0,0,0,0,188493,272266,525,0,0,364227,0
Phase-5: 0,0,0,0,0,0,0,0,0,0,0,0,0,0,0,0,0,188493,272266,525,0,0,364227,0
Phase-5: 0,0,0,0,0,0,0,0,0,0,0,0,0,0,0,0,0,188493,272266,525,0,0,364227,0
Phase-6: 0,0,0,0,0,0,0,0,0,0,0,0,0,0,0,0,0,188493,272266,525,0,0,364227,0
Phase-6: 0,0,0,0,0,0,0,0,0,0,0,0,0,0,0,0,0,188493,272266,0,0,0,364227,0
Phase-7: 0,0,0,0,0,0,0,0,0,0,0,0,0,0,0,0,0,188493,272266,0,0,0,364227,0
Phase-7: 0,0,0,0,0,0,0,0,0,0,0,0,0,0,0,0,0,188493,0,0,0,0,352586,0
Phase-8: 0,0,0,0,0,0,0,0,0,0,0,0,0,0,0,0,0,188493,0,0,0,0,352586,0
Phase-8: 0,0,0,0,0,0,0,0,0,0,0,0,0,0,0,0,0,0,0,0,0,0,352586,0
Phase-9: 0,0,0,0,0,0,0,0,0,0,0,0,0,0,0,0,0,0,0,0,0,0,352586,0
Phase-9: 0,0,0,0,0,0,0,0,0,0,0,0,0,0,0,0,0,0,0,0,0,0,0,0
UtilitySummary: shiftU=[0.07979148,0.0,0.0,0.0,0.0], priceUPerKWh=[0.1969895,0.19874252,0.19880517,0.19853568,0.19878131]
Company expenses: 7675.000, income: 7675.019, initialCost: 7861.000
Total wh from company: 38588400.000, from consumer: 38588536.000, initial: 38588400.000
saving by group=[0.028411066,0.016346864,0.018015392,0.015769485,0.016484343]
