initPrice: 0=9.7117176E-5, 1=9.968589E-5, 2=1.0E-4, 3=1.0E-4, 4=1.0E-4, 5=1.0E-4, 6=1.1804459E-4, 7=1.172268E-4, 8=1.0E-4, 9=1.0E-4, 10=1.4254679E-4, 11=1.9614102E-4, 12=1.9614102E-4, 13=1.9614102E-4, 14=1.9614102E-4, 15=1.9614102E-4, 16=1.9614102E-4, 17=1.9614102E-4, 18=1.9614102E-4, 19=1.9614102E-4, 20=1.9614102E-4, 21=1.9614102E-4, 22=1.9614102E-4, 23=1.9614102E-4, 
Phase-1: 0,0,0,0,0,0,0,0,0,0,319794,609332,522733,677196,1028380,1039349,1039349,263484,1039349,1039349,1039349,1039349,1039349,591495
Phase-1: 0,0,0,0,0,0,0,0,0,0,319794,609332,522733,677196,1028380,1039349,1039349,263484,0,110,22,0,191,591495
Phase-2: 0,0,0,0,0,0,0,0,0,0,319794,609332,522733,677196,1028380,1039349,1039349,263484,0,110,22,0,191,591495
Phase-2: 0,0,0,0,0,0,0,0,0,0,319794,609332,522733,677196,1028380,1039349,1039349,0,0,110,0,0,0,437
Phase-3: 0,0,0,0,0,0,0,0,0,0,319794,609332,522733,677196,1028380,1039349,1039349,0,0,110,0,0,0,437
Phase-3: 0,0,0,0,0,0,0,0,0,0,319794,609332,522733,677196,1028380,1039349,0,0,0,0,0,0,0,95
Phase-4: 0,0,0,0,0,0,0,0,0,0,319794,609332,522733,677196,1028380,1039349,0,0,0,0,0,0,0,95
Phase-4: 0,0,0,0,0,0,0,0,0,0,319794,609332,522733,677196,1028380,0,0,0,0,0,0,0,0,0
Phase-5: 0,0,0,0,0,0,0,0,0,0,319794,609332,522733,677196,1028380,0,0,0,0,0,0,0,0,0
Phase-5: 0,0,0,0,0,0,0,0,0,0,319794,609332,522733,677196,186,0,0,0,0,0,0,0,0,0
Phase-6: 0,0,0,0,0,0,0,0,0,0,319794,609332,522733,677196,186,0,0,0,0,0,0,0,0,0
Phase-6: 0,0,0,0,0,0,0,0,0,0,319794,609332,522733,510,0,0,0,0,0,0,0,0,0,0
Phase-7: 0,0,0,0,0,0,0,0,0,0,319794,609332,522733,510,0,0,0,0,0,0,0,0,0,0
Phase-7: 0,0,0,0,0,0,0,0,0,0,319794,609332,302648,373,0,0,0,0,0,0,0,0,0,0
Phase-8: 0,0,0,0,0,0,0,0,0,0,319794,609332,302648,373,0,0,0,0,0,0,0,0,0,0
Phase-8: 0,0,0,0,0,0,0,0,0,0,319794,609332,181787,373,0,0,0,0,0,0,0,0,0,0
Phase-9: 0,0,0,0,0,0,0,0,0,0,319794,609332,181787,373,0,0,0,0,0,0,0,0,0,0
Phase-9: 0,0,0,0,0,0,0,0,0,0,319794,609332,181787,0,0,0,0,0,0,0,0,0,0,0
Phase-10: 0,0,0,0,0,0,0,0,0,0,319794,609332,181787,0,0,0,0,0,0,0,0,0,0,0
Phase-10: 0,0,0,0,0,0,0,0,0,0,319794,609332,28,0,0,0,0,0,0,0,0,0,0,0
Phase-11: 0,0,0,0,0,0,0,0,0,0,319794,609332,28,0,0,0,0,0,0,0,0,0,0,0
Phase-11: 0,0,0,0,0,0,0,0,0,0,319794,280,28,0,0,0,0,0,0,0,0,0,0,0
Phase-12: 0,0,0,0,0,0,0,0,0,0,319794,280,28,0,0,0,0,0,0,0,0,0,0,0
Phase-12: 0,0,0,0,0,0,0,0,0,0,304790,280,0,0,0,0,0,0,0,0,0,0,0,0
Phase-13: 0,0,0,0,0,0,0,0,0,0,304790,280,0,0,0,0,0,0,0,0,0,0,0,0
Phase-13: 0,0,0,0,0,0,0,0,0,0,298294,52,0,0,0,0,0,0,0,0,0,0,0,0
Phase-14: 0,0,0,0,0,0,0,0,0,0,298294,52,0,0,0,0,0,0,0,0,0,0,0,0
Phase-14: 0,0,0,0,0,0,0,0,0,0,219903,0,0,0,0,0,0,0,0,0,0,0,0,0
Phase-15: 0,0,0,0,0,0,0,0,0,0,219903,0,0,0,0,0,0,0,0,0,0,0,0,0
Phase-15: 0,0,0,0,0,0,0,0,0,0,0,0,0,0,0,0,0,0,0,0,0,0,0,0
UtilitySummary: shiftU=[0.28925684,0.28561842,0.2899267,0.28756902,0.21506475,0.13619408,0.04830698,0.0,0.0,0.0], priceUPerKWh=[0.16554399,0.16916163,0.1784165,0.18044315,0.18395744,0.18861446,0.19285926,0.19574192,0.19584145,0.19601032]
Company expenses: 6513.000, income: 7142.472, initialCost: 7843.000
Total wh from company: 38571068.000, from consumer: 38571064.000, initial: 38571068.000
saving by group=[0.1783576,0.16193223,0.11881947,0.103057764,0.09005287,0.0653211,0.042839557,0.02829798,0.02875015,0.030653168]
