initPrice: 0=9.718409E-5, 1=9.965291E-5, 2=1.0E-4, 3=1.0E-4, 4=1.0E-4, 5=1.0E-4, 6=1.1717825E-4, 7=1.1779315E-4, 8=1.0E-4, 9=1.0E-4, 10=1.2500702E-4, 11=1.9479953E-4, 12=1.9479953E-4, 13=1.9479953E-4, 14=1.9479953E-4, 15=1.9479953E-4, 16=1.9479953E-4, 17=1.9479953E-4, 18=1.9479953E-4, 19=1.9479953E-4, 20=1.9479953E-4, 21=1.9479953E-4, 22=1.9479953E-4, 23=1.9479953E-4, 
Phase-1: 0,0,0,0,0,0,0,0,0,0,82323,630342,541602,699341,1042569,1053393,1053393,296885,1053393,1053393,1053393,1053393,1053393,597427
Phase-1: 0,0,0,0,0,0,0,0,0,0,82323,630342,541602,699341,1042569,1053393,1053393,296885,1386,0,0,0,698,597427
Phase-2: 0,0,0,0,0,0,0,0,0,0,82323,630342,541602,699341,1042569,1053393,1053393,296885,1386,0,0,0,698,597427
Phase-2: 0,0,0,0,0,0,0,0,0,0,82323,630342,541602,699341,1042569,1053393,1053393,291773,657,0,0,0,0,502850
Phase-3: 0,0,0,0,0,0,0,0,0,0,82323,630342,541602,699341,1042569,1053393,1053393,291773,657,0,0,0,0,502850
Phase-3: 0,0,0,0,0,0,0,0,0,0,82323,630342,541602,699341,1042569,1053393,1053393,15933,0,0,0,0,0,740
Phase-4: 0,0,0,0,0,0,0,0,0,0,82323,630342,541602,699341,1042569,1053393,1053393,15933,0,0,0,0,0,740
Phase-4: 0,0,0,0,0,0,0,0,0,0,82323,630342,541602,699341,1042569,1053393,1053393,58,0,0,0,0,0,0
Phase-5: 0,0,0,0,0,0,0,0,0,0,82323,630342,541602,699341,1042569,1053393,1053393,58,0,0,0,0,0,0
Phase-5: 0,0,0,0,0,0,0,0,0,0,82323,630342,541602,699341,1042569,1053393,0,0,0,0,0,0,0,0
Phase-6: 0,0,0,0,0,0,0,0,0,0,82323,630342,541602,699341,1042569,1053393,0,0,0,0,0,0,0,0
Phase-6: 0,0,0,0,0,0,0,0,0,0,82323,630342,541602,699341,1042569,0,0,0,0,0,0,0,0,0
Phase-7: 0,0,0,0,0,0,0,0,0,0,82323,630342,541602,699341,1042569,0,0,0,0,0,0,0,0,0
Phase-7: 0,0,0,0,0,0,0,0,0,0,82323,630342,541602,699341,115,0,0,0,0,0,0,0,0,0
Phase-8: 0,0,0,0,0,0,0,0,0,0,82323,630342,541602,699341,115,0,0,0,0,0,0,0,0,0
Phase-8: 0,0,0,0,0,0,0,0,0,0,82323,630342,541602,0,0,0,0,0,0,0,0,0,0,0
Phase-9: 0,0,0,0,0,0,0,0,0,0,82323,630342,541602,0,0,0,0,0,0,0,0,0,0,0
Phase-9: 0,0,0,0,0,0,0,0,0,0,82323,630342,0,0,0,0,0,0,0,0,0,0,0,0
Phase-10: 0,0,0,0,0,0,0,0,0,0,82323,630342,0,0,0,0,0,0,0,0,0,0,0,0
Phase-10: 0,0,0,0,0,0,0,0,0,0,82323,0,0,0,0,0,0,0,0,0,0,0,0,0
Phase-11: 0,0,0,0,0,0,0,0,0,0,82323,0,0,0,0,0,0,0,0,0,0,0,0,0
Phase-11: 0,0,0,0,0,0,0,0,0,0,0,0,0,0,0,0,0,0,0,0,0,0,0,0
UtilitySummary: shiftU=[0.28613496,0.28926417,0.28545225,0.2787456,0.20494519,0.13377127,0.047514163,0.0,0.0,0.0], priceUPerKWh=[0.16593172,0.16844411,0.17341189,0.17877796,0.18305929,0.18511839,0.18974169,0.1937783,0.19388802,0.19338806]
Company expenses: 6457.000, income: 7052.913, initialCost: 7871.000
Total wh from company: 38529872.000, from consumer: 38529848.000, initial: 38529872.000
saving by group=[0.1797075,0.16750559,0.14281785,0.11782285,0.09862715,0.08253767,0.058010187,0.046396483,0.047415137,0.04678412]
