initPrice: 0=9.719684E-5, 1=9.965688E-5, 2=1.0E-4, 3=1.0E-4, 4=1.0E-4, 5=1.0E-4, 6=1.18045944E-4, 7=1.17425545E-4, 8=1.0E-4, 9=1.0E-4, 10=1.1427003E-4, 11=1.5798344E-4, 12=1.9055505E-4, 13=1.9055505E-4, 14=1.9055505E-4, 15=1.9055505E-4, 16=1.9055505E-4, 17=1.9055505E-4, 18=1.9055505E-4, 19=1.9055505E-4, 20=1.9055505E-4, 21=1.9055505E-4, 22=1.9055505E-4, 23=1.9055505E-4, 
Phase-1: 0,0,0,0,0,0,0,0,0,0,0,194938,586019,744722,1088929,1099131,1099131,332811,1099131,1099131,1099131,1099131,1099131,671596
Phase-1: 0,0,0,0,0,0,0,0,0,0,0,194938,586019,744722,1088929,1099131,1099131,332811,0,373,0,33,442,671596
Phase-2: 0,0,0,0,0,0,0,0,0,0,0,194938,586019,744722,1088929,1099131,1099131,332811,0,373,0,33,442,671596
Phase-2: 0,0,0,0,0,0,0,0,0,0,0,194938,586019,744722,1088929,1099131,1099131,215,0,373,0,0,0,395300
Phase-3: 0,0,0,0,0,0,0,0,0,0,0,194938,586019,744722,1088929,1099131,1099131,215,0,373,0,0,0,395300
Phase-3: 0,0,0,0,0,0,0,0,0,0,0,194938,586019,744722,1088929,1099131,1081094,0,0,0,0,0,0,0
Phase-4: 0,0,0,0,0,0,0,0,0,0,0,194938,586019,744722,1088929,1099131,1081094,0,0,0,0,0,0,0
Phase-4: 0,0,0,0,0,0,0,0,0,0,0,194938,586019,744722,1088929,1099131,0,0,0,0,0,0,0,0
Phase-5: 0,0,0,0,0,0,0,0,0,0,0,194938,586019,744722,1088929,1099131,0,0,0,0,0,0,0,0
Phase-5: 0,0,0,0,0,0,0,0,0,0,0,194938,586019,744722,1088929,163,0,0,0,0,0,0,0,0
Phase-6: 0,0,0,0,0,0,0,0,0,0,0,194938,586019,744722,1088929,163,0,0,0,0,0,0,0,0
Phase-6: 0,0,0,0,0,0,0,0,0,0,0,194938,586019,744722,0,163,0,0,0,0,0,0,0,0
Phase-7: 0,0,0,0,0,0,0,0,0,0,0,194938,586019,744722,0,163,0,0,0,0,0,0,0,0
Phase-7: 0,0,0,0,0,0,0,0,0,0,0,194938,586019,378468,0,0,0,0,0,0,0,0,0,0
Phase-8: 0,0,0,0,0,0,0,0,0,0,0,194938,586019,378468,0,0,0,0,0,0,0,0,0,0
Phase-8: 0,0,0,0,0,0,0,0,0,0,0,194938,586019,148,0,0,0,0,0,0,0,0,0,0
Phase-9: 0,0,0,0,0,0,0,0,0,0,0,194938,586019,148,0,0,0,0,0,0,0,0,0,0
Phase-9: 0,0,0,0,0,0,0,0,0,0,0,194938,544354,148,0,0,0,0,0,0,0,0,0,0
Phase-10: 0,0,0,0,0,0,0,0,0,0,0,194938,544354,148,0,0,0,0,0,0,0,0,0,0
Phase-10: 0,0,0,0,0,0,0,0,0,0,0,194938,544354,0,0,0,0,0,0,0,0,0,0,0
Phase-11: 0,0,0,0,0,0,0,0,0,0,0,194938,544354,0,0,0,0,0,0,0,0,0,0,0
Phase-11: 0,0,0,0,0,0,0,0,0,0,0,194938,58,0,0,0,0,0,0,0,0,0,0,0
Phase-12: 0,0,0,0,0,0,0,0,0,0,0,194938,58,0,0,0,0,0,0,0,0,0,0,0
Phase-12: 0,0,0,0,0,0,0,0,0,0,0,109256,58,0,0,0,0,0,0,0,0,0,0,0
Phase-13: 0,0,0,0,0,0,0,0,0,0,0,109256,58,0,0,0,0,0,0,0,0,0,0,0
Phase-13: 0,0,0,0,0,0,0,0,0,0,0,109256,0,0,0,0,0,0,0,0,0,0,0,0
Phase-14: 0,0,0,0,0,0,0,0,0,0,0,109256,0,0,0,0,0,0,0,0,0,0,0,0
Phase-14: 0,0,0,0,0,0,0,0,0,0,0,0,0,0,0,0,0,0,0,0,0,0,0,0
UtilitySummary: shiftU=[0.28086817,0.15635248,0.02529988,0.0,0.0], priceUPerKWh=[0.16262022,0.17500764,0.17911346,0.18058033,0.1799973]
Company expenses: 6288.000, income: 6643.070, initialCost: 7814.000
Total wh from company: 38548624.000, from consumer: 38548652.000, initial: 38548624.000
saving by group=[0.1886789,0.13148102,0.10975429,0.1060494,0.10519777]
