initPrice: 0=9.71334E-5, 1=9.9654695E-5, 2=1.0E-4, 3=1.0E-4, 4=1.0E-4, 5=1.0E-4, 6=1.1781676E-4, 7=1.1739615E-4, 8=1.0E-4, 9=1.0E-4, 10=1.1467059E-4, 11=1.9707657E-4, 12=1.9365049E-4, 13=1.9365049E-4, 14=1.9365049E-4, 15=1.9365049E-4, 16=1.9365049E-4, 17=1.9365049E-4, 18=1.9365049E-4, 19=1.9365049E-4, 20=1.9365049E-4, 21=1.9365049E-4, 22=1.9365049E-4, 23=1.9365049E-4, 
Phase-1: 0,0,0,0,0,0,0,0,0,0,0,605049,537860,717070,1055288,1065577,1065577,290207,1065577,1065577,1065577,1065577,1065577,618922
Phase-1: 0,0,0,0,0,0,0,0,0,0,0,605049,537860,717070,1055288,1065577,1065577,290207,0,0,24,0,0,618922
Phase-2: 0,0,0,0,0,0,0,0,0,0,0,605049,537860,717070,1055288,1065577,1065577,290207,0,0,24,0,0,618922
Phase-2: 0,0,0,0,0,0,0,0,0,0,0,605049,537860,717070,1055288,1065577,1065577,0,0,0,0,0,0,0
Phase-3: 0,0,0,0,0,0,0,0,0,0,0,605049,537860,717070,1055288,1065577,1065577,0,0,0,0,0,0,0
Phase-3: 0,0,0,0,0,0,0,0,0,0,0,605049,537860,717070,1055288,1065577,0,0,0,0,0,0,0,0
Phase-4: 0,0,0,0,0,0,0,0,0,0,0,605049,537860,717070,1055288,1065577,0,0,0,0,0,0,0,0
Phase-4: 0,0,0,0,0,0,0,0,0,0,0,605049,537860,717070,1055288,814,0,0,0,0,0,0,0,0
Phase-5: 0,0,0,0,0,0,0,0,0,0,0,605049,537860,717070,1055288,814,0,0,0,0,0,0,0,0
Phase-5: 0,0,0,0,0,0,0,0,0,0,0,605049,537860,717070,914949,0,0,0,0,0,0,0,0,0
Phase-6: 0,0,0,0,0,0,0,0,0,0,0,605049,537860,717070,914949,0,0,0,0,0,0,0,0,0
Phase-6: 0,0,0,0,0,0,0,0,0,0,0,605049,537860,717070,0,0,0,0,0,0,0,0,0,0
Phase-7: 0,0,0,0,0,0,0,0,0,0,0,605049,537860,717070,0,0,0,0,0,0,0,0,0,0
Phase-7: 0,0,0,0,0,0,0,0,0,0,0,605049,537860,399,0,0,0,0,0,0,0,0,0,0
Phase-8: 0,0,0,0,0,0,0,0,0,0,0,605049,537860,399,0,0,0,0,0,0,0,0,0,0
Phase-8: 0,0,0,0,0,0,0,0,0,0,0,605049,199079,399,0,0,0,0,0,0,0,0,0,0
Phase-9: 0,0,0,0,0,0,0,0,0,0,0,605049,199079,399,0,0,0,0,0,0,0,0,0,0
Phase-9: 0,0,0,0,0,0,0,0,0,0,0,605049,199079,0,0,0,0,0,0,0,0,0,0,0
Phase-10: 0,0,0,0,0,0,0,0,0,0,0,605049,199079,0,0,0,0,0,0,0,0,0,0,0
Phase-10: 0,0,0,0,0,0,0,0,0,0,0,605049,544,0,0,0,0,0,0,0,0,0,0,0
Phase-11: 0,0,0,0,0,0,0,0,0,0,0,605049,544,0,0,0,0,0,0,0,0,0,0,0
Phase-11: 0,0,0,0,0,0,0,0,0,0,0,605049,544,0,0,0,0,0,0,0,0,0,0,0
Phase-12: 0,0,0,0,0,0,0,0,0,0,0,605049,544,0,0,0,0,0,0,0,0,0,0,0
Phase-12: 0,0,0,0,0,0,0,0,0,0,0,605049,544,0,0,0,0,0,0,0,0,0,0,0
Phase-13: 0,0,0,0,0,0,0,0,0,0,0,605049,544,0,0,0,0,0,0,0,0,0,0,0
Phase-13: 0,0,0,0,0,0,0,0,0,0,0,605049,0,0,0,0,0,0,0,0,0,0,0,0
Phase-14: 0,0,0,0,0,0,0,0,0,0,0,605049,0,0,0,0,0,0,0,0,0,0,0,0
Phase-14: 0,0,0,0,0,0,0,0,0,0,0,0,0,0,0,0,0,0,0,0,0,0,0,0
UtilitySummary: shiftU=[0.28444734,0.16941431,0.024856467,0.0,0.0], priceUPerKWh=[0.16672981,0.17147088,0.18279636,0.1837999,0.18410271]
Company expenses: 6432.000, income: 6737.745, initialCost: 7871.000
Total wh from company: 38554192.000, from consumer: 38554212.000, initial: 38554192.000
saving by group=[0.17683925,0.15022609,0.09752117,0.092608675,0.094429985]
