initPrice: 0=9.719684E-5, 1=9.965688E-5, 2=1.0E-4, 3=1.0E-4, 4=1.0E-4, 5=1.0E-4, 6=1.18045944E-4, 7=1.17425545E-4, 8=1.0E-4, 9=1.0E-4, 10=1.1427003E-4, 11=1.5798344E-4, 12=1.9055505E-4, 13=1.9055505E-4, 14=1.9055505E-4, 15=1.9055505E-4, 16=1.9055505E-4, 17=1.9055505E-4, 18=1.9055505E-4, 19=1.9055505E-4, 20=1.9055505E-4, 21=1.9055505E-4, 22=1.9055505E-4, 23=1.9055505E-4, 
Phase-1: 0,0,0,0,0,0,0,0,0,0,0,194938,586019,744722,1088929,1099131,1099131,332811,1099131,1099131,1099131,1099131,1099131,671596
Phase-1: 0,0,0,0,0,0,0,0,0,0,0,194938,586019,744722,1088929,1099131,1099131,332811,0,168,0,388,293,671596
Phase-2: 0,0,0,0,0,0,0,0,0,0,0,194938,586019,744722,1088929,1099131,1099131,332811,0,168,0,388,293,671596
Phase-2: 0,0,0,0,0,0,0,0,0,0,0,194938,586019,744722,1088929,1099131,1099131,499,0,168,0,0,0,478709
Phase-3: 0,0,0,0,0,0,0,0,0,0,0,194938,586019,744722,1088929,1099131,1099131,499,0,168,0,0,0,478709
Phase-3: 0,0,0,0,0,0,0,0,0,0,0,194938,586019,744722,1088929,1099131,999468,0,0,0,0,0,0,399
Phase-4: 0,0,0,0,0,0,0,0,0,0,0,194938,586019,744722,1088929,1099131,999468,0,0,0,0,0,0,399
Phase-4: 0,0,0,0,0,0,0,0,0,0,0,194938,586019,744722,1088929,1099131,0,0,0,0,0,0,0,2
Phase-5: 0,0,0,0,0,0,0,0,0,0,0,194938,586019,744722,1088929,1099131,0,0,0,0,0,0,0,2
Phase-5: 0,0,0,0,0,0,0,0,0,0,0,194938,586019,744722,1088929,0,0,0,0,0,0,0,0,0
Phase-6: 0,0,0,0,0,0,0,0,0,0,0,194938,586019,744722,1088929,0,0,0,0,0,0,0,0,0
Phase-6: 0,0,0,0,0,0,0,0,0,0,0,194938,586019,744722,716,0,0,0,0,0,0,0,0,0
Phase-7: 0,0,0,0,0,0,0,0,0,0,0,194938,586019,744722,716,0,0,0,0,0,0,0,0,0
Phase-7: 0,0,0,0,0,0,0,0,0,0,0,194938,586019,674044,716,0,0,0,0,0,0,0,0,0
Phase-8: 0,0,0,0,0,0,0,0,0,0,0,194938,586019,674044,716,0,0,0,0,0,0,0,0,0
Phase-8: 0,0,0,0,0,0,0,0,0,0,0,194938,586019,674044,0,0,0,0,0,0,0,0,0,0
Phase-9: 0,0,0,0,0,0,0,0,0,0,0,194938,586019,674044,0,0,0,0,0,0,0,0,0,0
Phase-9: 0,0,0,0,0,0,0,0,0,0,0,194938,586019,144,0,0,0,0,0,0,0,0,0,0
Phase-10: 0,0,0,0,0,0,0,0,0,0,0,194938,586019,144,0,0,0,0,0,0,0,0,0,0
Phase-10: 0,0,0,0,0,0,0,0,0,0,0,194938,124597,144,0,0,0,0,0,0,0,0,0,0
Phase-11: 0,0,0,0,0,0,0,0,0,0,0,194938,124597,144,0,0,0,0,0,0,0,0,0,0
Phase-11: 0,0,0,0,0,0,0,0,0,0,0,194938,124597,0,0,0,0,0,0,0,0,0,0,0
Phase-12: 0,0,0,0,0,0,0,0,0,0,0,194938,124597,0,0,0,0,0,0,0,0,0,0,0
Phase-12: 0,0,0,0,0,0,0,0,0,0,0,194938,0,0,0,0,0,0,0,0,0,0,0,0
Phase-13: 0,0,0,0,0,0,0,0,0,0,0,194938,0,0,0,0,0,0,0,0,0,0,0,0
Phase-13: 0,0,0,0,0,0,0,0,0,0,0,0,0,0,0,0,0,0,0,0,0,0,0,0
UtilitySummary: shiftU=[0.28960544,0.28448915,0.28490043,0.25986794,0.17454901,0.13700898,0.051119003,0.0,0.0,0.0], priceUPerKWh=[0.1614535,0.16570872,0.17077044,0.17637384,0.18006101,0.18147533,0.18548042,0.18855493,0.18878855,0.18853591]
Company expenses: 6288.000, income: 6908.666, initialCost: 7814.000
Total wh from company: 38548624.000, from consumer: 38548652.000, initial: 38548624.000
saving by group=[0.1965452,0.17058942,0.14858876,0.12232341,0.10415773,0.101098366,0.07801768,0.06278326,0.06543046,0.06277439]
