initPrice: 0=9.719684E-5, 1=9.965688E-5, 2=1.0E-4, 3=1.0E-4, 4=1.0E-4, 5=1.0E-4, 6=1.18045944E-4, 7=1.17425545E-4, 8=1.0E-4, 9=1.0E-4, 10=1.1427003E-4, 11=1.3749706E-4, 12=1.4870016E-4, 13=1.2477767E-4, 14=9.89901E-5, 15=1.0E-4, 16=1.0E-4, 17=1.63617E-4, 18=3.2424138E-4, 19=3.2424138E-4, 20=3.2424138E-4, 21=3.2424138E-4, 22=2.7236444E-4, 23=1.372996E-4, 
Phase-1: 0,0,0,0,0,0,0,0,0,0,0,0,0,0,0,0,0,0,372018,2358609,2358609,507506,183938,0
Phase-1: 0,0,0,0,0,0,0,0,0,0,0,0,0,0,0,0,0,0,372018,0,143,507506,183938,0
Phase-2: 0,0,0,0,0,0,0,0,0,0,0,0,0,0,0,0,0,0,372018,0,143,507506,183938,0
Phase-2: 0,0,0,0,0,0,0,0,0,0,0,0,0,0,0,0,0,0,0,0,0,392384,183938,0
Phase-3: 0,0,0,0,0,0,0,0,0,0,0,0,0,0,0,0,0,0,0,0,0,392384,183938,0
Phase-3: 0,0,0,0,0,0,0,0,0,0,0,0,0,0,0,0,0,0,0,0,0,940,183938,0
Phase-4: 0,0,0,0,0,0,0,0,0,0,0,0,0,0,0,0,0,0,0,0,0,940,183938,0
Phase-4: 0,0,0,0,0,0,0,0,0,0,0,0,0,0,0,0,0,0,0,0,0,940,179747,0
Phase-5: 0,0,0,0,0,0,0,0,0,0,0,0,0,0,0,0,0,0,0,0,0,940,179747,0
Phase-5: 0,0,0,0,0,0,0,0,0,0,0,0,0,0,0,0,0,0,0,0,0,940,179747,0
Phase-6: 0,0,0,0,0,0,0,0,0,0,0,0,0,0,0,0,0,0,0,0,0,940,179747,0
Phase-6: 0,0,0,0,0,0,0,0,0,0,0,0,0,0,0,0,0,0,0,0,0,940,179747,0
Phase-7: 0,0,0,0,0,0,0,0,0,0,0,0,0,0,0,0,0,0,0,0,0,940,179747,0
Phase-7: 0,0,0,0,0,0,0,0,0,0,0,0,0,0,0,0,0,0,0,0,0,0,179747,0
Phase-8: 0,0,0,0,0,0,0,0,0,0,0,0,0,0,0,0,0,0,0,0,0,0,179747,0
Phase-8: 0,0,0,0,0,0,0,0,0,0,0,0,0,0,0,0,0,0,0,0,0,0,0,0
UtilitySummary: shiftU=[0.13864298,0.081796706,0.05018201,0.0,0.0,0.0,0.0,0.0,0.0,0.0], priceUPerKWh=[0.19780286,0.19954595,0.20176978,0.20608208,0.20579776,0.20637836,0.20563255,0.20576002,0.2060157,0.20545621]
Company expenses: 7747.000, income: 7899.966, initialCost: 7814.000
Total wh from company: 38548624.000, from consumer: 38548652.000, initial: 38548624.000
saving by group=[0.018689746,0.0037266694,-0.0027462589,-0.02179082,-0.020066401,-0.018747333,-0.019773982,-0.02102237,-0.018133605,-0.019650826]
